TpTrace Verbose: 0 : 28340, 1, 2023/03/09, 20:42:47.540, 2184742206677, vstest.console.dll, Version: 17.4.0-release-20221019-01 Current process architecture: X64
TpTrace Verbose: 0 : 28340, 1, 2023/03/09, 20:42:47.543, 2184742239689, vstest.console.dll, Runtime location: C:\Program Files\dotnet\shared\Microsoft.NETCore.App\7.0.2
TpTrace Verbose: 0 : 28340, 1, 2023/03/09, 20:42:47.548, 2184742290401, vstest.console.dll, ArtifactProcessingPostProcessModeProcessorExecutor.Initialize: ArtifactProcessingMode.Collect
TpTrace Verbose: 0 : 28340, 1, 2023/03/09, 20:42:47.548, 2184742292217, vstest.console.dll, TestSessionCorrelationIdProcessorModeProcessorExecutor.Initialize: TestSessionCorrelationId '9800_206edde2-1fd8-41ab-91b9-5bdd5000707c'
TpTrace Information: 0 : 28340, 1, 2023/03/09, 20:42:47.561, 2184742417511, vstest.console.dll, FilePatternParser: The given file C:\_TestesGitHub1\TestNUnit\TestNUnit\bin\Debug\net6.0\fine-code-coverage\build-output\TestNUnit.dll is a full path.
TpTrace Verbose: 0 : 28340, 1, 2023/03/09, 20:42:47.572, 2184742532532, vstest.console.dll, TestPluginCache.DiscoverTestExtensions: finding test extensions in assemblies ends with: RuntimeProvider.dll TPluginInfo: Microsoft.VisualStudio.TestPlatform.Common.ExtensionFramework.Utilities.TestRuntimePluginInformation TExtension: Microsoft.VisualStudio.TestPlatform.ObjectModel.Host.ITestRuntimeProvider
TpTrace Verbose: 0 : 28340, 1, 2023/03/09, 20:42:47.573, 2184742535126, vstest.console.dll, TestPluginCache.GetExtensionPaths: Filtered extension paths: 
TpTrace Verbose: 0 : 28340, 1, 2023/03/09, 20:42:47.573, 2184742536110, vstest.console.dll, TestPluginCache.GetExtensionPaths: Added default extension paths: C:\Program Files\dotnet\sdk\7.0.102\Extensions\Microsoft.Diagnostics.NETCore.Client.dll
C:\Program Files\dotnet\sdk\7.0.102\Extensions\Microsoft.TestPlatform.Extensions.BlameDataCollector.dll
C:\Program Files\dotnet\sdk\7.0.102\Extensions\Microsoft.TestPlatform.Extensions.EventLogCollector.dll
C:\Program Files\dotnet\sdk\7.0.102\Extensions\Microsoft.TestPlatform.TestHostRuntimeProvider.dll
C:\Program Files\dotnet\sdk\7.0.102\Extensions\Microsoft.VisualStudio.TestPlatform.Extensions.Html.TestLogger.dll
C:\Program Files\dotnet\sdk\7.0.102\Extensions\Microsoft.VisualStudio.TestPlatform.Extensions.Trx.TestLogger.dll
TpTrace Verbose: 0 : 28340, 1, 2023/03/09, 20:42:47.573, 2184742536541, vstest.console.dll, TestPluginCache.GetExtensionPaths: Added unfilterableExtensionPaths: 
TpTrace Information: 0 : 28340, 1, 2023/03/09, 20:42:47.574, 2184742545437, vstest.console.dll, AssemblyResolver.ctor: Creating AssemblyResolver with searchDirectories C:\Program Files\dotnet\sdk\7.0.102\Extensions,C:\Program Files\dotnet\sdk\7.0.102
TpTrace Verbose: 0 : 28340, 1, 2023/03/09, 20:42:47.575, 2184742559072, vstest.console.dll, TestPluginCache.DiscoverTestExtensions: Discovering the extensions using extension path.
TpTrace Verbose: 0 : 28340, 1, 2023/03/09, 20:42:47.575, 2184742560705, vstest.console.dll, TestPluginCache.GetExtensionPaths: Filtered extension paths: 
TpTrace Verbose: 0 : 28340, 1, 2023/03/09, 20:42:47.575, 2184742561163, vstest.console.dll, TestPluginCache.GetExtensionPaths: Added default extension paths: C:\Program Files\dotnet\sdk\7.0.102\Extensions\Microsoft.Diagnostics.NETCore.Client.dll
C:\Program Files\dotnet\sdk\7.0.102\Extensions\Microsoft.TestPlatform.Extensions.BlameDataCollector.dll
C:\Program Files\dotnet\sdk\7.0.102\Extensions\Microsoft.TestPlatform.Extensions.EventLogCollector.dll
C:\Program Files\dotnet\sdk\7.0.102\Extensions\Microsoft.TestPlatform.TestHostRuntimeProvider.dll
C:\Program Files\dotnet\sdk\7.0.102\Extensions\Microsoft.VisualStudio.TestPlatform.Extensions.Html.TestLogger.dll
C:\Program Files\dotnet\sdk\7.0.102\Extensions\Microsoft.VisualStudio.TestPlatform.Extensions.Trx.TestLogger.dll
TpTrace Verbose: 0 : 28340, 1, 2023/03/09, 20:42:47.575, 2184742561666, vstest.console.dll, TestPluginCache.GetExtensionPaths: Added unfilterableExtensionPaths: 
TpTrace Verbose: 0 : 28340, 1, 2023/03/09, 20:42:47.575, 2184742562749, vstest.console.dll, TestPluginCache.DiscoverTestExtensions: Discovering the extensions using allExtensionPaths: C:\Program Files\dotnet\sdk\7.0.102\Extensions\Microsoft.Diagnostics.NETCore.Client.dll
C:\Program Files\dotnet\sdk\7.0.102\Extensions\Microsoft.TestPlatform.Extensions.BlameDataCollector.dll
C:\Program Files\dotnet\sdk\7.0.102\Extensions\Microsoft.TestPlatform.Extensions.EventLogCollector.dll
C:\Program Files\dotnet\sdk\7.0.102\Extensions\Microsoft.TestPlatform.TestHostRuntimeProvider.dll
C:\Program Files\dotnet\sdk\7.0.102\Extensions\Microsoft.VisualStudio.TestPlatform.Extensions.Html.TestLogger.dll
C:\Program Files\dotnet\sdk\7.0.102\Extensions\Microsoft.VisualStudio.TestPlatform.Extensions.Trx.TestLogger.dll
TpTrace Information: 0 : 28340, 1, 2023/03/09, 20:42:47.575, 2184742564263, vstest.console.dll, AssemblyResolver.AddSearchDirectories: Adding more searchDirectories C:\Program Files\dotnet\sdk\7.0.102\Extensions,C:\Program Files\dotnet\sdk\7.0.102
TpTrace Information: 0 : 28340, 1, 2023/03/09, 20:42:47.576, 2184742564833, vstest.console.dll, AssemblyResolver.AddSearchDirectories: Adding more searchDirectories C:\Program Files\dotnet\sdk\7.0.102\Extensions,C:\Program Files\dotnet\sdk\7.0.102
TpTrace Information: 0 : 28340, 1, 2023/03/09, 20:42:47.576, 2184742565177, vstest.console.dll, AssemblyResolver.AddSearchDirectories: Adding more searchDirectories C:\Program Files\dotnet\sdk\7.0.102\Extensions,C:\Program Files\dotnet\sdk\7.0.102
TpTrace Information: 0 : 28340, 1, 2023/03/09, 20:42:47.576, 2184742565529, vstest.console.dll, AssemblyResolver.AddSearchDirectories: Adding more searchDirectories C:\Program Files\dotnet\sdk\7.0.102\Extensions,C:\Program Files\dotnet\sdk\7.0.102
TpTrace Information: 0 : 28340, 1, 2023/03/09, 20:42:47.576, 2184742565838, vstest.console.dll, AssemblyResolver.AddSearchDirectories: Adding more searchDirectories C:\Program Files\dotnet\sdk\7.0.102\Extensions,C:\Program Files\dotnet\sdk\7.0.102
TpTrace Information: 0 : 28340, 1, 2023/03/09, 20:42:47.576, 2184742566128, vstest.console.dll, AssemblyResolver.AddSearchDirectories: Adding more searchDirectories C:\Program Files\dotnet\sdk\7.0.102\Extensions,C:\Program Files\dotnet\sdk\7.0.102
TpTrace Information: 0 : 28340, 1, 2023/03/09, 20:42:47.576, 2184742570080, vstest.console.dll, AssemblyResolver.OnResolve: Microsoft.Diagnostics.NETCore.Client: Resolving assembly.
TpTrace Information: 0 : 28340, 1, 2023/03/09, 20:42:47.576, 2184742570764, vstest.console.dll, AssemblyResolver.OnResolve: Microsoft.Diagnostics.NETCore.Client: Searching in: 'C:\Program Files\dotnet\sdk\7.0.102\Extensions'.
TpTrace Information: 0 : 28340, 1, 2023/03/09, 20:42:47.594, 2184742744755, vstest.console.dll, AssemblyResolver.OnResolve: Microsoft.Diagnostics.NETCore.Client: Loading assembly 'C:\Program Files\dotnet\sdk\7.0.102\Extensions\Microsoft.Diagnostics.NETCore.Client.dll'.
TpTrace Information: 0 : 28340, 1, 2023/03/09, 20:42:47.595, 2184742764012, vstest.console.dll, AssemblyResolver.OnResolve: Resolved assembly: Microsoft.Diagnostics.NETCore.Client, from path: C:\Program Files\dotnet\sdk\7.0.102\Extensions\Microsoft.Diagnostics.NETCore.Client.dll
TpTrace Verbose: 0 : 28340, 1, 2023/03/09, 20:42:47.597, 2184742776728, vstest.console.dll, MetadataReaderExtensionsHelper: Discovering extensions inside assembly 'Microsoft.Diagnostics.NETCore.Client, Version=0.2.6.42401, Culture=neutral, PublicKeyToken=31bf3856ad364e35' file path 'C:\Program Files\dotnet\sdk\7.0.102\Extensions\Microsoft.Diagnostics.NETCore.Client.dll'
TpTrace Information: 0 : 28340, 1, 2023/03/09, 20:42:47.603, 2184742843078, vstest.console.dll, AssemblyResolver.OnResolve: Microsoft.Bcl.AsyncInterfaces: Resolving assembly.
TpTrace Information: 0 : 28340, 1, 2023/03/09, 20:42:47.603, 2184742844272, vstest.console.dll, AssemblyResolver.OnResolve: Microsoft.Bcl.AsyncInterfaces: Searching in: 'C:\Program Files\dotnet\sdk\7.0.102\Extensions'.
TpTrace Information: 0 : 28340, 1, 2023/03/09, 20:42:47.604, 2184742845076, vstest.console.dll, AssemblyResolver.OnResolve: Microsoft.Bcl.AsyncInterfaces: Assembly path does not exist: 'C:\Program Files\dotnet\sdk\7.0.102\Extensions\Microsoft.Bcl.AsyncInterfaces.dll', returning.
TpTrace Information: 0 : 28340, 1, 2023/03/09, 20:42:47.604, 2184742846508, vstest.console.dll, AssemblyResolver.OnResolve: Microsoft.Bcl.AsyncInterfaces: Assembly path does not exist: 'C:\Program Files\dotnet\sdk\7.0.102\Extensions\Microsoft.Bcl.AsyncInterfaces.exe', returning.
TpTrace Information: 0 : 28340, 1, 2023/03/09, 20:42:47.604, 2184742846921, vstest.console.dll, AssemblyResolver.OnResolve: Microsoft.Bcl.AsyncInterfaces: Searching in: 'C:\Program Files\dotnet\sdk\7.0.102'.
TpTrace Information: 0 : 28340, 1, 2023/03/09, 20:42:47.604, 2184742847686, vstest.console.dll, AssemblyResolver.OnResolve: Microsoft.Bcl.AsyncInterfaces: Assembly path does not exist: 'C:\Program Files\dotnet\sdk\7.0.102\Microsoft.Bcl.AsyncInterfaces.dll', returning.
TpTrace Information: 0 : 28340, 1, 2023/03/09, 20:42:47.604, 2184742848586, vstest.console.dll, AssemblyResolver.OnResolve: Microsoft.Bcl.AsyncInterfaces: Assembly path does not exist: 'C:\Program Files\dotnet\sdk\7.0.102\Microsoft.Bcl.AsyncInterfaces.exe', returning.
TpTrace Information: 0 : 28340, 1, 2023/03/09, 20:42:47.604, 2184742848886, vstest.console.dll, AssemblyResolver.OnResolve: Microsoft.Bcl.AsyncInterfaces: Failed to load assembly.
TpTrace Verbose: 0 : 28340, 1, 2023/03/09, 20:42:47.604, 2184742849272, vstest.console.dll, CurrentDomainAssemblyResolve: Resolving assembly 'Microsoft.Bcl.AsyncInterfaces'.
TpTrace Information: 0 : 28340, 1, 2023/03/09, 20:42:47.604, 2184742850040, vstest.console.dll, AssemblyResolver.OnResolve: Microsoft.Bcl.AsyncInterfaces: Resolving assembly.
TpTrace Information: 0 : 28340, 1, 2023/03/09, 20:42:47.604, 2184742850620, vstest.console.dll, AssemblyResolver.OnResolve: Microsoft.Bcl.AsyncInterfaces: Resolved from cache.
TpTrace Verbose: 0 : 28340, 1, 2023/03/09, 20:42:47.604, 2184742850928, vstest.console.dll, CurrentDomainAssemblyResolve: Resolving assembly 'Microsoft.Bcl.AsyncInterfaces'.
TpTrace Verbose: 0 : 28340, 1, 2023/03/09, 20:42:47.604, 2184742851388, vstest.console.dll, CurrentDomainAssemblyResolve: Failed to resolve assembly 'Microsoft.Bcl.AsyncInterfaces'.
TpTrace Verbose: 0 : 28340, 1, 2023/03/09, 20:42:47.611, 2184742915400, vstest.console.dll, CurrentDomainAssemblyResolve: Failed to resolve assembly 'Microsoft.Bcl.AsyncInterfaces'.
TpTrace Warning: 0 : 28340, 1, 2023/03/09, 20:42:47.624, 2184743047407, vstest.console.dll, TestPluginDiscoverer: Failed to get types from assembly 'Microsoft.Diagnostics.NETCore.Client, Version=0.2.6.42401, Culture=neutral, PublicKeyToken=31bf3856ad364e35'. Error: System.Reflection.ReflectionTypeLoadException: Unable to load one or more of the requested types.
Could not load file or assembly 'Microsoft.Bcl.AsyncInterfaces, Version=1.0.0.0, Culture=neutral, PublicKeyToken=cc7b13ffcd2ddd51'. O sistema não pode encontrar o arquivo especificado.
   at System.Reflection.RuntimeModule.GetTypes(RuntimeModule module)
   at System.Reflection.Assembly.GetTypes()
   at Microsoft.VisualStudio.TestPlatform.Common.ExtensionFramework.TestPluginDiscoverer.GetTestExtensionsFromAssembly[TPluginInfo,TExtension](Assembly assembly, Dictionary`2 pluginInfos, String filePath)
System.IO.FileNotFoundException: Could not load file or assembly 'Microsoft.Bcl.AsyncInterfaces, Version=1.0.0.0, Culture=neutral, PublicKeyToken=cc7b13ffcd2ddd51'. O sistema não pode encontrar o arquivo especificado.
File name: 'Microsoft.Bcl.AsyncInterfaces, Version=1.0.0.0, Culture=neutral, PublicKeyToken=cc7b13ffcd2ddd51'
 ---> System.IO.FileNotFoundException: Could not load file or assembly 'Microsoft.Bcl.AsyncInterfaces, Culture=neutral, PublicKeyToken=null'. O sistema não pode encontrar o arquivo especificado.
File name: 'Microsoft.Bcl.AsyncInterfaces, Culture=neutral, PublicKeyToken=null'
   at System.Reflection.RuntimeAssembly.InternalLoad(AssemblyName assemblyName, StackCrawlMark& stackMark, AssemblyLoadContext assemblyLoadContext, RuntimeAssembly requestingAssembly, Boolean throwOnFileNotFound)
   at System.Reflection.Assembly.Load(AssemblyName assemblyRef)
   at Microsoft.VisualStudio.TestPlatform.Common.ExtensionFramework.TestPluginCache.CurrentDomainAssemblyResolve(Object sender, AssemblyResolveEventArgs args)
   at System.Runtime.Loader.AssemblyLoadContext.GetFirstResolvedAssemblyFromResolvingEvent(AssemblyName assemblyName)
   at System.Runtime.Loader.AssemblyLoadContext.ResolveUsingEvent(AssemblyName assemblyName)
   at System.Runtime.Loader.AssemblyLoadContext.ResolveUsingResolvingEvent(IntPtr gchManagedAssemblyLoadContext, AssemblyName assemblyName)
TpTrace Warning: 0 : 28340, 1, 2023/03/09, 20:42:47.624, 2184743051736, vstest.console.dll, LoaderExceptions: System.IO.FileNotFoundException: Could not load file or assembly 'Microsoft.Bcl.AsyncInterfaces, Version=1.0.0.0, Culture=neutral, PublicKeyToken=cc7b13ffcd2ddd51'. O sistema não pode encontrar o arquivo especificado.
File name: 'Microsoft.Bcl.AsyncInterfaces, Version=1.0.0.0, Culture=neutral, PublicKeyToken=cc7b13ffcd2ddd51'
 ---> System.IO.FileNotFoundException: Could not load file or assembly 'Microsoft.Bcl.AsyncInterfaces, Culture=neutral, PublicKeyToken=null'. O sistema não pode encontrar o arquivo especificado.
File name: 'Microsoft.Bcl.AsyncInterfaces, Culture=neutral, PublicKeyToken=null'
   at System.Reflection.RuntimeAssembly.InternalLoad(AssemblyName assemblyName, StackCrawlMark& stackMark, AssemblyLoadContext assemblyLoadContext, RuntimeAssembly requestingAssembly, Boolean throwOnFileNotFound)
   at System.Reflection.Assembly.Load(AssemblyName assemblyRef)
   at Microsoft.VisualStudio.TestPlatform.Common.ExtensionFramework.TestPluginCache.CurrentDomainAssemblyResolve(Object sender, AssemblyResolveEventArgs args)
   at System.Runtime.Loader.AssemblyLoadContext.GetFirstResolvedAssemblyFromResolvingEvent(AssemblyName assemblyName)
   at System.Runtime.Loader.AssemblyLoadContext.ResolveUsingEvent(AssemblyName assemblyName)
   at System.Runtime.Loader.AssemblyLoadContext.ResolveUsingResolvingEvent(IntPtr gchManagedAssemblyLoadContext, AssemblyName assemblyName)
TpTrace Information: 0 : 28340, 1, 2023/03/09, 20:42:47.624, 2184743053688, vstest.console.dll, AssemblyResolver.OnResolve: Microsoft.TestPlatform.Extensions.BlameDataCollector: Resolving assembly.
TpTrace Information: 0 : 28340, 1, 2023/03/09, 20:42:47.624, 2184743054179, vstest.console.dll, AssemblyResolver.OnResolve: Microsoft.TestPlatform.Extensions.BlameDataCollector: Searching in: 'C:\Program Files\dotnet\sdk\7.0.102\Extensions'.
TpTrace Information: 0 : 28340, 1, 2023/03/09, 20:42:47.626, 2184743064591, vstest.console.dll, AssemblyResolver.OnResolve: Microsoft.TestPlatform.Extensions.BlameDataCollector: Loading assembly 'C:\Program Files\dotnet\sdk\7.0.102\Extensions\Microsoft.TestPlatform.Extensions.BlameDataCollector.dll'.
TpTrace Information: 0 : 28340, 1, 2023/03/09, 20:42:47.627, 2184743074872, vstest.console.dll, AssemblyResolver.OnResolve: Resolved assembly: Microsoft.TestPlatform.Extensions.BlameDataCollector, from path: C:\Program Files\dotnet\sdk\7.0.102\Extensions\Microsoft.TestPlatform.Extensions.BlameDataCollector.dll
TpTrace Verbose: 0 : 28340, 1, 2023/03/09, 20:42:47.627, 2184743076078, vstest.console.dll, MetadataReaderExtensionsHelper: Discovering extensions inside assembly 'Microsoft.TestPlatform.Extensions.BlameDataCollector, Version=15.0.0.0, Culture=neutral, PublicKeyToken=b03f5f7f11d50a3a' file path 'C:\Program Files\dotnet\sdk\7.0.102\Extensions\Microsoft.TestPlatform.Extensions.BlameDataCollector.dll'
TpTrace Information: 0 : 28340, 1, 2023/03/09, 20:42:47.629, 2184743096301, vstest.console.dll, AssemblyResolver.OnResolve: Microsoft.TestPlatform.Extensions.EventLogCollector: Resolving assembly.
TpTrace Information: 0 : 28340, 1, 2023/03/09, 20:42:47.629, 2184743097262, vstest.console.dll, AssemblyResolver.OnResolve: Microsoft.TestPlatform.Extensions.EventLogCollector: Searching in: 'C:\Program Files\dotnet\sdk\7.0.102\Extensions'.
TpTrace Information: 0 : 28340, 1, 2023/03/09, 20:42:47.630, 2184743106295, vstest.console.dll, AssemblyResolver.OnResolve: Microsoft.TestPlatform.Extensions.EventLogCollector: Loading assembly 'C:\Program Files\dotnet\sdk\7.0.102\Extensions\Microsoft.TestPlatform.Extensions.EventLogCollector.dll'.
TpTrace Information: 0 : 28340, 1, 2023/03/09, 20:42:47.631, 2184743114989, vstest.console.dll, AssemblyResolver.OnResolve: Resolved assembly: Microsoft.TestPlatform.Extensions.EventLogCollector, from path: C:\Program Files\dotnet\sdk\7.0.102\Extensions\Microsoft.TestPlatform.Extensions.EventLogCollector.dll
TpTrace Verbose: 0 : 28340, 1, 2023/03/09, 20:42:47.631, 2184743116496, vstest.console.dll, MetadataReaderExtensionsHelper: Discovering extensions inside assembly 'Microsoft.TestPlatform.Extensions.EventLogCollector, Version=15.0.0.0, Culture=neutral, PublicKeyToken=b03f5f7f11d50a3a' file path 'C:\Program Files\dotnet\sdk\7.0.102\Extensions\Microsoft.TestPlatform.Extensions.EventLogCollector.dll'
TpTrace Information: 0 : 28340, 1, 2023/03/09, 20:42:47.635, 2184743159199, vstest.console.dll, AssemblyResolver.OnResolve: Microsoft.TestPlatform.TestHostRuntimeProvider: Resolving assembly.
TpTrace Information: 0 : 28340, 1, 2023/03/09, 20:42:47.635, 2184743160329, vstest.console.dll, AssemblyResolver.OnResolve: Microsoft.TestPlatform.TestHostRuntimeProvider: Searching in: 'C:\Program Files\dotnet\sdk\7.0.102\Extensions'.
TpTrace Information: 0 : 28340, 1, 2023/03/09, 20:42:47.636, 2184743167846, vstest.console.dll, AssemblyResolver.OnResolve: Microsoft.TestPlatform.TestHostRuntimeProvider: Loading assembly 'C:\Program Files\dotnet\sdk\7.0.102\Extensions\Microsoft.TestPlatform.TestHostRuntimeProvider.dll'.
TpTrace Information: 0 : 28340, 1, 2023/03/09, 20:42:47.637, 2184743177361, vstest.console.dll, AssemblyResolver.OnResolve: Resolved assembly: Microsoft.TestPlatform.TestHostRuntimeProvider, from path: C:\Program Files\dotnet\sdk\7.0.102\Extensions\Microsoft.TestPlatform.TestHostRuntimeProvider.dll
TpTrace Verbose: 0 : 28340, 1, 2023/03/09, 20:42:47.637, 2184743178549, vstest.console.dll, MetadataReaderExtensionsHelper: Discovering extensions inside assembly 'Microsoft.TestPlatform.TestHostRuntimeProvider, Version=15.0.0.0, Culture=neutral, PublicKeyToken=b03f5f7f11d50a3a' file path 'C:\Program Files\dotnet\sdk\7.0.102\Extensions\Microsoft.TestPlatform.TestHostRuntimeProvider.dll'
TpTrace Information: 0 : 28340, 1, 2023/03/09, 20:42:47.640, 2184743204658, vstest.console.dll, GetTestExtensionFromType: Register extension with identifier data 'HostProvider://DefaultTestHost' and type 'Microsoft.VisualStudio.TestPlatform.CrossPlatEngine.Hosting.DefaultTestHostManager, Microsoft.TestPlatform.TestHostRuntimeProvider, Version=15.0.0.0, Culture=neutral, PublicKeyToken=b03f5f7f11d50a3a' inside file 'C:\Program Files\dotnet\sdk\7.0.102\Extensions\Microsoft.TestPlatform.TestHostRuntimeProvider.dll'
TpTrace Information: 0 : 28340, 1, 2023/03/09, 20:42:47.640, 2184743207684, vstest.console.dll, GetTestExtensionFromType: Register extension with identifier data 'HostProvider://DotnetTestHost' and type 'Microsoft.VisualStudio.TestPlatform.CrossPlatEngine.Hosting.DotnetTestHostManager, Microsoft.TestPlatform.TestHostRuntimeProvider, Version=15.0.0.0, Culture=neutral, PublicKeyToken=b03f5f7f11d50a3a' inside file 'C:\Program Files\dotnet\sdk\7.0.102\Extensions\Microsoft.TestPlatform.TestHostRuntimeProvider.dll'
TpTrace Information: 0 : 28340, 1, 2023/03/09, 20:42:47.640, 2184743208668, vstest.console.dll, AssemblyResolver.OnResolve: Microsoft.VisualStudio.TestPlatform.Extensions.Html.TestLogger: Resolving assembly.
TpTrace Information: 0 : 28340, 1, 2023/03/09, 20:42:47.640, 2184743209121, vstest.console.dll, AssemblyResolver.OnResolve: Microsoft.VisualStudio.TestPlatform.Extensions.Html.TestLogger: Searching in: 'C:\Program Files\dotnet\sdk\7.0.102\Extensions'.
TpTrace Information: 0 : 28340, 1, 2023/03/09, 20:42:47.641, 2184743217355, vstest.console.dll, AssemblyResolver.OnResolve: Microsoft.VisualStudio.TestPlatform.Extensions.Html.TestLogger: Loading assembly 'C:\Program Files\dotnet\sdk\7.0.102\Extensions\Microsoft.VisualStudio.TestPlatform.Extensions.Html.TestLogger.dll'.
TpTrace Information: 0 : 28340, 1, 2023/03/09, 20:42:47.642, 2184743226579, vstest.console.dll, AssemblyResolver.OnResolve: Resolved assembly: Microsoft.VisualStudio.TestPlatform.Extensions.Html.TestLogger, from path: C:\Program Files\dotnet\sdk\7.0.102\Extensions\Microsoft.VisualStudio.TestPlatform.Extensions.Html.TestLogger.dll
TpTrace Verbose: 0 : 28340, 1, 2023/03/09, 20:42:47.642, 2184743228074, vstest.console.dll, MetadataReaderExtensionsHelper: Discovering extensions inside assembly 'Microsoft.VisualStudio.TestPlatform.Extensions.Html.TestLogger, Version=15.0.0.0, Culture=neutral, PublicKeyToken=b03f5f7f11d50a3a' file path 'C:\Program Files\dotnet\sdk\7.0.102\Extensions\Microsoft.VisualStudio.TestPlatform.Extensions.Html.TestLogger.dll'
TpTrace Information: 0 : 28340, 1, 2023/03/09, 20:42:47.643, 2184743241267, vstest.console.dll, AssemblyResolver.OnResolve: Microsoft.VisualStudio.TestPlatform.Extensions.Trx.TestLogger: Resolving assembly.
TpTrace Information: 0 : 28340, 1, 2023/03/09, 20:42:47.643, 2184743242224, vstest.console.dll, AssemblyResolver.OnResolve: Microsoft.VisualStudio.TestPlatform.Extensions.Trx.TestLogger: Searching in: 'C:\Program Files\dotnet\sdk\7.0.102\Extensions'.
TpTrace Information: 0 : 28340, 1, 2023/03/09, 20:42:47.644, 2184743252292, vstest.console.dll, AssemblyResolver.OnResolve: Microsoft.VisualStudio.TestPlatform.Extensions.Trx.TestLogger: Loading assembly 'C:\Program Files\dotnet\sdk\7.0.102\Extensions\Microsoft.VisualStudio.TestPlatform.Extensions.Trx.TestLogger.dll'.
TpTrace Information: 0 : 28340, 1, 2023/03/09, 20:42:47.646, 2184743264894, vstest.console.dll, AssemblyResolver.OnResolve: Resolved assembly: Microsoft.VisualStudio.TestPlatform.Extensions.Trx.TestLogger, from path: C:\Program Files\dotnet\sdk\7.0.102\Extensions\Microsoft.VisualStudio.TestPlatform.Extensions.Trx.TestLogger.dll
TpTrace Verbose: 0 : 28340, 1, 2023/03/09, 20:42:47.646, 2184743266335, vstest.console.dll, MetadataReaderExtensionsHelper: Discovering extensions inside assembly 'Microsoft.VisualStudio.TestPlatform.Extensions.Trx.TestLogger, Version=15.0.0.0, Culture=neutral, PublicKeyToken=b03f5f7f11d50a3a' file path 'C:\Program Files\dotnet\sdk\7.0.102\Extensions\Microsoft.VisualStudio.TestPlatform.Extensions.Trx.TestLogger.dll'
TpTrace Verbose: 0 : 28340, 1, 2023/03/09, 20:42:47.648, 2184743286223, vstest.console.dll, TestPluginCache: Discovered the extensions using extension path ''.
TpTrace Verbose: 0 : 28340, 1, 2023/03/09, 20:42:47.648, 2184743287379, vstest.console.dll, TestPluginCache: Discoverers are ''.
TpTrace Verbose: 0 : 28340, 1, 2023/03/09, 20:42:47.648, 2184743287730, vstest.console.dll, TestPluginCache: Executors are ''.
TpTrace Verbose: 0 : 28340, 1, 2023/03/09, 20:42:47.648, 2184743288136, vstest.console.dll, TestPluginCache: Executors2 are ''.
TpTrace Verbose: 0 : 28340, 1, 2023/03/09, 20:42:47.648, 2184743288394, vstest.console.dll, TestPluginCache: Setting providers are ''.
TpTrace Verbose: 0 : 28340, 1, 2023/03/09, 20:42:47.648, 2184743288650, vstest.console.dll, TestPluginCache: Loggers are ''.
TpTrace Verbose: 0 : 28340, 1, 2023/03/09, 20:42:47.648, 2184743290110, vstest.console.dll, TestPluginCache: TestHosts are 'HostProvider://DefaultTestHost,HostProvider://DotnetTestHost'.
TpTrace Verbose: 0 : 28340, 1, 2023/03/09, 20:42:47.648, 2184743290591, vstest.console.dll, TestPluginCache: DataCollectors are ''.
TpTrace Information: 0 : 28340, 1, 2023/03/09, 20:42:47.669, 2184743495688, vstest.console.dll, RunTestsArgumentProcessor:Execute: Test run is starting.
TpTrace Verbose: 0 : 28340, 1, 2023/03/09, 20:42:47.669, 2184743496806, vstest.console.dll, RunTestsArgumentProcessor:Execute: Queuing Test run.
TpTrace Information: 0 : 28340, 1, 2023/03/09, 20:42:47.669, 2184743499678, vstest.console.dll, TestRequestManager.RunTests: run tests started.
TpTrace Information: 0 : 28340, 1, 2023/03/09, 20:42:47.670, 2184743512761, vstest.console.dll, AssemblyMetadataProvider.GetFrameworkName: Determined framework:'.NETCoreApp,Version=v6.0' for source: 'C:\_TestesGitHub1\TestNUnit\TestNUnit\bin\Debug\net6.0\fine-code-coverage\build-output\TestNUnit.dll'
TpTrace Information: 0 : 28340, 1, 2023/03/09, 20:42:47.671, 2184743514947, vstest.console.dll, Determined framework for all sources: .NETCoreApp,Version=v6.0
TpTrace Verbose: 0 : 28340, 1, 2023/03/09, 20:42:47.671, 2184743519222, vstest.console.dll, TestRequestManager.UpdateRunSettingsIfRequired: Default architecture: X64 IsDefaultTargetArchitecture: True, Current process architecture: X64 OperatingSystem: Windows.
TpTrace Information: 0 : 28340, 1, 2023/03/09, 20:42:47.673, 2184743538594, vstest.console.dll, AssemblyMetadataProvider.GetArchitecture: Determined architecture:AnyCPU info for assembly: C:\_TestesGitHub1\TestNUnit\TestNUnit\bin\Debug\net6.0\fine-code-coverage\build-output\TestNUnit.dll
TpTrace Information: 0 : 28340, 1, 2023/03/09, 20:42:47.673, 2184743539335, vstest.console.dll, Determined platform for source 'C:\_TestesGitHub1\TestNUnit\TestNUnit\bin\Debug\net6.0\fine-code-coverage\build-output\TestNUnit.dll' was AnyCPU and it will use the default plaform X64.
TpTrace Information: 0 : 28340, 1, 2023/03/09, 20:42:47.673, 2184743539920, vstest.console.dll, None of the sources provided any runnable platform, using the default platform: X64
TpTrace Information: 0 : 28340, 1, 2023/03/09, 20:42:47.673, 2184743540968, vstest.console.dll, Platform was updated to 'X64'.
TpTrace Information: 0 : 28340, 1, 2023/03/09, 20:42:47.679, 2184743595606, vstest.console.dll, InferRunSettingsHelper.IsTestSettingsEnabled: Unable to navigate to RunSettings/MSTest. Current node: RunSettings
TpTrace Information: 0 : 28340, 1, 2023/03/09, 20:42:47.680, 2184743605764, vstest.console.dll, AssemblyResolver.OnResolve: Microsoft.VisualStudio.TestPlatform.Fakes: Resolving assembly.
TpTrace Information: 0 : 28340, 1, 2023/03/09, 20:42:47.680, 2184743606565, vstest.console.dll, AssemblyResolver.OnResolve: Microsoft.VisualStudio.TestPlatform.Fakes: Searching in: 'C:\Program Files\dotnet\sdk\7.0.102\Extensions'.
TpTrace Information: 0 : 28340, 1, 2023/03/09, 20:42:47.680, 2184743607622, vstest.console.dll, AssemblyResolver.OnResolve: Microsoft.VisualStudio.TestPlatform.Fakes: Assembly path does not exist: 'C:\Program Files\dotnet\sdk\7.0.102\Extensions\Microsoft.VisualStudio.TestPlatform.Fakes.dll', returning.
TpTrace Information: 0 : 28340, 1, 2023/03/09, 20:42:47.680, 2184743608443, vstest.console.dll, AssemblyResolver.OnResolve: Microsoft.VisualStudio.TestPlatform.Fakes: Assembly path does not exist: 'C:\Program Files\dotnet\sdk\7.0.102\Extensions\Microsoft.VisualStudio.TestPlatform.Fakes.exe', returning.
TpTrace Information: 0 : 28340, 1, 2023/03/09, 20:42:47.680, 2184743608789, vstest.console.dll, AssemblyResolver.OnResolve: Microsoft.VisualStudio.TestPlatform.Fakes: Searching in: 'C:\Program Files\dotnet\sdk\7.0.102'.
TpTrace Information: 0 : 28340, 1, 2023/03/09, 20:42:47.680, 2184743609363, vstest.console.dll, AssemblyResolver.OnResolve: Microsoft.VisualStudio.TestPlatform.Fakes: Assembly path does not exist: 'C:\Program Files\dotnet\sdk\7.0.102\Microsoft.VisualStudio.TestPlatform.Fakes.dll', returning.
TpTrace Information: 0 : 28340, 1, 2023/03/09, 20:42:47.680, 2184743609913, vstest.console.dll, AssemblyResolver.OnResolve: Microsoft.VisualStudio.TestPlatform.Fakes: Assembly path does not exist: 'C:\Program Files\dotnet\sdk\7.0.102\Microsoft.VisualStudio.TestPlatform.Fakes.exe', returning.
TpTrace Information: 0 : 28340, 1, 2023/03/09, 20:42:47.680, 2184743610341, vstest.console.dll, AssemblyResolver.OnResolve: Microsoft.VisualStudio.TestPlatform.Fakes: Failed to load assembly.
TpTrace Information: 0 : 28340, 1, 2023/03/09, 20:42:47.680, 2184743612954, vstest.console.dll, Failed to load assembly Microsoft.VisualStudio.TestPlatform.Fakes, Version=17.0.0.0, Culture=neutral. Reason:System.IO.FileNotFoundException: Could not load file or assembly 'Microsoft.VisualStudio.TestPlatform.Fakes, Version=17.0.0.0, Culture=neutral, PublicKeyToken=null'. O sistema não pode encontrar o arquivo especificado.
File name: 'Microsoft.VisualStudio.TestPlatform.Fakes, Version=17.0.0.0, Culture=neutral, PublicKeyToken=null'
   at System.Reflection.RuntimeAssembly.InternalLoad(AssemblyName assemblyName, StackCrawlMark& stackMark, AssemblyLoadContext assemblyLoadContext, RuntimeAssembly requestingAssembly, Boolean throwOnFileNotFound)
   at System.Reflection.Assembly.Load(AssemblyName assemblyRef)
   at Microsoft.VisualStudio.TestPlatform.Common.Utilities.FakesUtilities.LoadTestPlatformAssembly()
TpTrace Verbose: 0 : 28340, 1, 2023/03/09, 20:42:47.684, 2184743651510, vstest.console.dll, TestPluginCache.DiscoverTestExtensions: finding test extensions in assemblies ends with: TestLogger.dll TPluginInfo: Microsoft.VisualStudio.TestPlatform.Common.ExtensionFramework.Utilities.TestLoggerPluginInformation TExtension: Microsoft.VisualStudio.TestPlatform.ObjectModel.Client.ITestLogger
TpTrace Verbose: 0 : 28340, 1, 2023/03/09, 20:42:47.684, 2184743652689, vstest.console.dll, TestPluginCache.GetExtensionPaths: Filtered extension paths: 
TpTrace Verbose: 0 : 28340, 1, 2023/03/09, 20:42:47.684, 2184743653138, vstest.console.dll, TestPluginCache.GetExtensionPaths: Added default extension paths: C:\Program Files\dotnet\sdk\7.0.102\Extensions\Microsoft.Diagnostics.NETCore.Client.dll
C:\Program Files\dotnet\sdk\7.0.102\Extensions\Microsoft.TestPlatform.Extensions.BlameDataCollector.dll
C:\Program Files\dotnet\sdk\7.0.102\Extensions\Microsoft.TestPlatform.Extensions.EventLogCollector.dll
C:\Program Files\dotnet\sdk\7.0.102\Extensions\Microsoft.TestPlatform.TestHostRuntimeProvider.dll
C:\Program Files\dotnet\sdk\7.0.102\Extensions\Microsoft.VisualStudio.TestPlatform.Extensions.Html.TestLogger.dll
C:\Program Files\dotnet\sdk\7.0.102\Extensions\Microsoft.VisualStudio.TestPlatform.Extensions.Trx.TestLogger.dll
TpTrace Verbose: 0 : 28340, 1, 2023/03/09, 20:42:47.684, 2184743653487, vstest.console.dll, TestPluginCache.GetExtensionPaths: Added unfilterableExtensionPaths: 
TpTrace Information: 0 : 28340, 1, 2023/03/09, 20:42:47.685, 2184743654786, vstest.console.dll, AssemblyResolver.AddSearchDirectories: Adding more searchDirectories C:\Program Files\dotnet\sdk\7.0.102\Extensions,C:\Program Files\dotnet\sdk\7.0.102
TpTrace Verbose: 0 : 28340, 1, 2023/03/09, 20:42:47.685, 2184743655326, vstest.console.dll, TestPluginCache.DiscoverTestExtensions: Discovering the extensions using extension path.
TpTrace Verbose: 0 : 28340, 1, 2023/03/09, 20:42:47.685, 2184743655708, vstest.console.dll, TestPluginCache.GetExtensionPaths: Filtered extension paths: 
TpTrace Verbose: 0 : 28340, 1, 2023/03/09, 20:42:47.685, 2184743656053, vstest.console.dll, TestPluginCache.GetExtensionPaths: Added default extension paths: C:\Program Files\dotnet\sdk\7.0.102\Extensions\Microsoft.Diagnostics.NETCore.Client.dll
C:\Program Files\dotnet\sdk\7.0.102\Extensions\Microsoft.TestPlatform.Extensions.BlameDataCollector.dll
C:\Program Files\dotnet\sdk\7.0.102\Extensions\Microsoft.TestPlatform.Extensions.EventLogCollector.dll
C:\Program Files\dotnet\sdk\7.0.102\Extensions\Microsoft.TestPlatform.TestHostRuntimeProvider.dll
C:\Program Files\dotnet\sdk\7.0.102\Extensions\Microsoft.VisualStudio.TestPlatform.Extensions.Html.TestLogger.dll
C:\Program Files\dotnet\sdk\7.0.102\Extensions\Microsoft.VisualStudio.TestPlatform.Extensions.Trx.TestLogger.dll
TpTrace Verbose: 0 : 28340, 1, 2023/03/09, 20:42:47.685, 2184743656359, vstest.console.dll, TestPluginCache.GetExtensionPaths: Added unfilterableExtensionPaths: 
TpTrace Verbose: 0 : 28340, 1, 2023/03/09, 20:42:47.685, 2184743656806, vstest.console.dll, TestPluginCache.DiscoverTestExtensions: Discovering the extensions using allExtensionPaths: C:\Program Files\dotnet\sdk\7.0.102\Extensions\Microsoft.Diagnostics.NETCore.Client.dll
C:\Program Files\dotnet\sdk\7.0.102\Extensions\Microsoft.TestPlatform.Extensions.BlameDataCollector.dll
C:\Program Files\dotnet\sdk\7.0.102\Extensions\Microsoft.TestPlatform.Extensions.EventLogCollector.dll
C:\Program Files\dotnet\sdk\7.0.102\Extensions\Microsoft.TestPlatform.TestHostRuntimeProvider.dll
C:\Program Files\dotnet\sdk\7.0.102\Extensions\Microsoft.VisualStudio.TestPlatform.Extensions.Html.TestLogger.dll
C:\Program Files\dotnet\sdk\7.0.102\Extensions\Microsoft.VisualStudio.TestPlatform.Extensions.Trx.TestLogger.dll
TpTrace Information: 0 : 28340, 1, 2023/03/09, 20:42:47.685, 2184743657277, vstest.console.dll, AssemblyResolver.AddSearchDirectories: Adding more searchDirectories C:\Program Files\dotnet\sdk\7.0.102\Extensions,C:\Program Files\dotnet\sdk\7.0.102
TpTrace Information: 0 : 28340, 1, 2023/03/09, 20:42:47.685, 2184743657695, vstest.console.dll, AssemblyResolver.AddSearchDirectories: Adding more searchDirectories C:\Program Files\dotnet\sdk\7.0.102\Extensions,C:\Program Files\dotnet\sdk\7.0.102
TpTrace Information: 0 : 28340, 1, 2023/03/09, 20:42:47.685, 2184743658161, vstest.console.dll, AssemblyResolver.AddSearchDirectories: Adding more searchDirectories C:\Program Files\dotnet\sdk\7.0.102\Extensions,C:\Program Files\dotnet\sdk\7.0.102
TpTrace Information: 0 : 28340, 1, 2023/03/09, 20:42:47.685, 2184743658475, vstest.console.dll, AssemblyResolver.AddSearchDirectories: Adding more searchDirectories C:\Program Files\dotnet\sdk\7.0.102\Extensions,C:\Program Files\dotnet\sdk\7.0.102
TpTrace Information: 0 : 28340, 1, 2023/03/09, 20:42:47.685, 2184743658826, vstest.console.dll, AssemblyResolver.AddSearchDirectories: Adding more searchDirectories C:\Program Files\dotnet\sdk\7.0.102\Extensions,C:\Program Files\dotnet\sdk\7.0.102
TpTrace Information: 0 : 28340, 1, 2023/03/09, 20:42:47.685, 2184743659193, vstest.console.dll, AssemblyResolver.AddSearchDirectories: Adding more searchDirectories C:\Program Files\dotnet\sdk\7.0.102\Extensions,C:\Program Files\dotnet\sdk\7.0.102
TpTrace Verbose: 0 : 28340, 1, 2023/03/09, 20:42:47.685, 2184743660353, vstest.console.dll, MetadataReaderExtensionsHelper: Discovering extensions inside assembly 'Microsoft.Diagnostics.NETCore.Client, Version=0.2.6.42401, Culture=neutral, PublicKeyToken=31bf3856ad364e35' file path 'C:\Program Files\dotnet\sdk\7.0.102\Extensions\Microsoft.Diagnostics.NETCore.Client.dll'
TpTrace Information: 0 : 28340, 1, 2023/03/09, 20:42:47.686, 2184743671362, vstest.console.dll, AssemblyResolver.OnResolve: Microsoft.Bcl.AsyncInterfaces: Resolving assembly.
TpTrace Information: 0 : 28340, 1, 2023/03/09, 20:42:47.686, 2184743672154, vstest.console.dll, AssemblyResolver.OnResolve: Microsoft.Bcl.AsyncInterfaces: Resolved from cache.
TpTrace Verbose: 0 : 28340, 1, 2023/03/09, 20:42:47.686, 2184743672588, vstest.console.dll, CurrentDomainAssemblyResolve: Resolving assembly 'Microsoft.Bcl.AsyncInterfaces'.
TpTrace Information: 0 : 28340, 1, 2023/03/09, 20:42:47.686, 2184743673104, vstest.console.dll, AssemblyResolver.OnResolve: Microsoft.Bcl.AsyncInterfaces: Resolving assembly.
TpTrace Information: 0 : 28340, 1, 2023/03/09, 20:42:47.686, 2184743673432, vstest.console.dll, AssemblyResolver.OnResolve: Microsoft.Bcl.AsyncInterfaces: Resolved from cache.
TpTrace Verbose: 0 : 28340, 1, 2023/03/09, 20:42:47.686, 2184743673713, vstest.console.dll, CurrentDomainAssemblyResolve: Resolving assembly 'Microsoft.Bcl.AsyncInterfaces'.
TpTrace Verbose: 0 : 28340, 1, 2023/03/09, 20:42:47.686, 2184743674042, vstest.console.dll, CurrentDomainAssemblyResolve: Failed to resolve assembly 'Microsoft.Bcl.AsyncInterfaces'.
TpTrace Verbose: 0 : 28340, 1, 2023/03/09, 20:42:47.687, 2184743675607, vstest.console.dll, CurrentDomainAssemblyResolve: Failed to resolve assembly 'Microsoft.Bcl.AsyncInterfaces'.
TpTrace Warning: 0 : 28340, 1, 2023/03/09, 20:42:47.687, 2184743679040, vstest.console.dll, TestPluginDiscoverer: Failed to get types from assembly 'Microsoft.Diagnostics.NETCore.Client, Version=0.2.6.42401, Culture=neutral, PublicKeyToken=31bf3856ad364e35'. Error: System.Reflection.ReflectionTypeLoadException: Unable to load one or more of the requested types.
Could not load file or assembly 'Microsoft.Bcl.AsyncInterfaces, Version=1.0.0.0, Culture=neutral, PublicKeyToken=cc7b13ffcd2ddd51'. O sistema não pode encontrar o arquivo especificado.
   at System.Reflection.RuntimeModule.GetTypes(RuntimeModule module)
   at System.Reflection.Assembly.GetTypes()
   at Microsoft.VisualStudio.TestPlatform.Common.ExtensionFramework.TestPluginDiscoverer.GetTestExtensionsFromAssembly[TPluginInfo,TExtension](Assembly assembly, Dictionary`2 pluginInfos, String filePath)
System.IO.FileNotFoundException: Could not load file or assembly 'Microsoft.Bcl.AsyncInterfaces, Version=1.0.0.0, Culture=neutral, PublicKeyToken=cc7b13ffcd2ddd51'. O sistema não pode encontrar o arquivo especificado.
File name: 'Microsoft.Bcl.AsyncInterfaces, Version=1.0.0.0, Culture=neutral, PublicKeyToken=cc7b13ffcd2ddd51'
 ---> System.IO.FileNotFoundException: Could not load file or assembly 'Microsoft.Bcl.AsyncInterfaces, Culture=neutral, PublicKeyToken=null'. O sistema não pode encontrar o arquivo especificado.
File name: 'Microsoft.Bcl.AsyncInterfaces, Culture=neutral, PublicKeyToken=null'
   at System.Reflection.RuntimeAssembly.InternalLoad(AssemblyName assemblyName, StackCrawlMark& stackMark, AssemblyLoadContext assemblyLoadContext, RuntimeAssembly requestingAssembly, Boolean throwOnFileNotFound)
   at System.Reflection.Assembly.Load(AssemblyName assemblyRef)
   at Microsoft.VisualStudio.TestPlatform.Common.ExtensionFramework.TestPluginCache.CurrentDomainAssemblyResolve(Object sender, AssemblyResolveEventArgs args)
   at System.Runtime.Loader.AssemblyLoadContext.GetFirstResolvedAssemblyFromResolvingEvent(AssemblyName assemblyName)
   at System.Runtime.Loader.AssemblyLoadContext.ResolveUsingEvent(AssemblyName assemblyName)
   at System.Runtime.Loader.AssemblyLoadContext.ResolveUsingResolvingEvent(IntPtr gchManagedAssemblyLoadContext, AssemblyName assemblyName)
TpTrace Warning: 0 : 28340, 1, 2023/03/09, 20:42:47.687, 2184743680715, vstest.console.dll, LoaderExceptions: System.IO.FileNotFoundException: Could not load file or assembly 'Microsoft.Bcl.AsyncInterfaces, Version=1.0.0.0, Culture=neutral, PublicKeyToken=cc7b13ffcd2ddd51'. O sistema não pode encontrar o arquivo especificado.
File name: 'Microsoft.Bcl.AsyncInterfaces, Version=1.0.0.0, Culture=neutral, PublicKeyToken=cc7b13ffcd2ddd51'
 ---> System.IO.FileNotFoundException: Could not load file or assembly 'Microsoft.Bcl.AsyncInterfaces, Culture=neutral, PublicKeyToken=null'. O sistema não pode encontrar o arquivo especificado.
File name: 'Microsoft.Bcl.AsyncInterfaces, Culture=neutral, PublicKeyToken=null'
   at System.Reflection.RuntimeAssembly.InternalLoad(AssemblyName assemblyName, StackCrawlMark& stackMark, AssemblyLoadContext assemblyLoadContext, RuntimeAssembly requestingAssembly, Boolean throwOnFileNotFound)
   at System.Reflection.Assembly.Load(AssemblyName assemblyRef)
   at Microsoft.VisualStudio.TestPlatform.Common.ExtensionFramework.TestPluginCache.CurrentDomainAssemblyResolve(Object sender, AssemblyResolveEventArgs args)
   at System.Runtime.Loader.AssemblyLoadContext.GetFirstResolvedAssemblyFromResolvingEvent(AssemblyName assemblyName)
   at System.Runtime.Loader.AssemblyLoadContext.ResolveUsingEvent(AssemblyName assemblyName)
   at System.Runtime.Loader.AssemblyLoadContext.ResolveUsingResolvingEvent(IntPtr gchManagedAssemblyLoadContext, AssemblyName assemblyName)
TpTrace Verbose: 0 : 28340, 1, 2023/03/09, 20:42:47.687, 2184743681621, vstest.console.dll, MetadataReaderExtensionsHelper: Discovering extensions inside assembly 'Microsoft.TestPlatform.Extensions.BlameDataCollector, Version=15.0.0.0, Culture=neutral, PublicKeyToken=b03f5f7f11d50a3a' file path 'C:\Program Files\dotnet\sdk\7.0.102\Extensions\Microsoft.TestPlatform.Extensions.BlameDataCollector.dll'
TpTrace Information: 0 : 28340, 1, 2023/03/09, 20:42:47.688, 2184743690060, vstest.console.dll, GetTestExtensionFromType: Register extension with identifier data 'logger://Microsoft/TestPlatform/Extensions/Blame/v1' and type 'Microsoft.TestPlatform.Extensions.BlameDataCollector.BlameLogger, Microsoft.TestPlatform.Extensions.BlameDataCollector, Version=15.0.0.0, Culture=neutral, PublicKeyToken=b03f5f7f11d50a3a' inside file 'C:\Program Files\dotnet\sdk\7.0.102\Extensions\Microsoft.TestPlatform.Extensions.BlameDataCollector.dll'
TpTrace Verbose: 0 : 28340, 1, 2023/03/09, 20:42:47.688, 2184743690932, vstest.console.dll, MetadataReaderExtensionsHelper: Discovering extensions inside assembly 'Microsoft.TestPlatform.Extensions.EventLogCollector, Version=15.0.0.0, Culture=neutral, PublicKeyToken=b03f5f7f11d50a3a' file path 'C:\Program Files\dotnet\sdk\7.0.102\Extensions\Microsoft.TestPlatform.Extensions.EventLogCollector.dll'
TpTrace Verbose: 0 : 28340, 1, 2023/03/09, 20:42:47.689, 2184743697077, vstest.console.dll, MetadataReaderExtensionsHelper: Discovering extensions inside assembly 'Microsoft.TestPlatform.TestHostRuntimeProvider, Version=15.0.0.0, Culture=neutral, PublicKeyToken=b03f5f7f11d50a3a' file path 'C:\Program Files\dotnet\sdk\7.0.102\Extensions\Microsoft.TestPlatform.TestHostRuntimeProvider.dll'
TpTrace Verbose: 0 : 28340, 1, 2023/03/09, 20:42:47.689, 2184743703594, vstest.console.dll, MetadataReaderExtensionsHelper: Discovering extensions inside assembly 'Microsoft.VisualStudio.TestPlatform.Extensions.Html.TestLogger, Version=15.0.0.0, Culture=neutral, PublicKeyToken=b03f5f7f11d50a3a' file path 'C:\Program Files\dotnet\sdk\7.0.102\Extensions\Microsoft.VisualStudio.TestPlatform.Extensions.Html.TestLogger.dll'
TpTrace Information: 0 : 28340, 1, 2023/03/09, 20:42:47.690, 2184743712276, vstest.console.dll, GetTestExtensionFromType: Register extension with identifier data 'logger://Microsoft/TestPlatform/HtmlLogger/v1' and type 'Microsoft.VisualStudio.TestPlatform.Extensions.HtmlLogger.HtmlLogger, Microsoft.VisualStudio.TestPlatform.Extensions.Html.TestLogger, Version=15.0.0.0, Culture=neutral, PublicKeyToken=b03f5f7f11d50a3a' inside file 'C:\Program Files\dotnet\sdk\7.0.102\Extensions\Microsoft.VisualStudio.TestPlatform.Extensions.Html.TestLogger.dll'
TpTrace Verbose: 0 : 28340, 1, 2023/03/09, 20:42:47.690, 2184743713342, vstest.console.dll, MetadataReaderExtensionsHelper: Discovering extensions inside assembly 'Microsoft.VisualStudio.TestPlatform.Extensions.Trx.TestLogger, Version=15.0.0.0, Culture=neutral, PublicKeyToken=b03f5f7f11d50a3a' file path 'C:\Program Files\dotnet\sdk\7.0.102\Extensions\Microsoft.VisualStudio.TestPlatform.Extensions.Trx.TestLogger.dll'
TpTrace Information: 0 : 28340, 1, 2023/03/09, 20:42:47.691, 2184743719821, vstest.console.dll, GetTestExtensionFromType: Register extension with identifier data 'logger://Microsoft/TestPlatform/TrxLogger/v1' and type 'Microsoft.VisualStudio.TestPlatform.Extensions.TrxLogger.TrxLogger, Microsoft.VisualStudio.TestPlatform.Extensions.Trx.TestLogger, Version=15.0.0.0, Culture=neutral, PublicKeyToken=b03f5f7f11d50a3a' inside file 'C:\Program Files\dotnet\sdk\7.0.102\Extensions\Microsoft.VisualStudio.TestPlatform.Extensions.Trx.TestLogger.dll'
TpTrace Verbose: 0 : 28340, 1, 2023/03/09, 20:42:47.691, 2184743721171, vstest.console.dll, TestPluginCache: Discovered the extensions using extension path ''.
TpTrace Verbose: 0 : 28340, 1, 2023/03/09, 20:42:47.691, 2184743721640, vstest.console.dll, TestPluginCache: Discoverers are ''.
TpTrace Verbose: 0 : 28340, 1, 2023/03/09, 20:42:47.691, 2184743721945, vstest.console.dll, TestPluginCache: Executors are ''.
TpTrace Verbose: 0 : 28340, 1, 2023/03/09, 20:42:47.691, 2184743722214, vstest.console.dll, TestPluginCache: Executors2 are ''.
TpTrace Verbose: 0 : 28340, 1, 2023/03/09, 20:42:47.691, 2184743722474, vstest.console.dll, TestPluginCache: Setting providers are ''.
TpTrace Verbose: 0 : 28340, 1, 2023/03/09, 20:42:47.691, 2184743723176, vstest.console.dll, TestPluginCache: Loggers are 'logger://Microsoft/TestPlatform/Extensions/Blame/v1,logger://Microsoft/TestPlatform/HtmlLogger/v1,logger://Microsoft/TestPlatform/TrxLogger/v1'.
TpTrace Verbose: 0 : 28340, 1, 2023/03/09, 20:42:47.691, 2184743723662, vstest.console.dll, TestPluginCache: TestHosts are 'HostProvider://DefaultTestHost,HostProvider://DotnetTestHost'.
TpTrace Verbose: 0 : 28340, 1, 2023/03/09, 20:42:47.691, 2184743723968, vstest.console.dll, TestPluginCache: DataCollectors are ''.
TpTrace Information: 0 : 28340, 1, 2023/03/09, 20:42:47.692, 2184743733427, vstest.console.dll, TestPluginManager.CreateTestExtension: Attempting to load test extension: Microsoft.TestPlatform.Extensions.BlameDataCollector.BlameLogger
TpTrace Verbose: 0 : 28340, 1, 2023/03/09, 20:42:47.702, 2184743830923, vstest.console.dll, TestEngine: Initializing Parallel Execution as MaxCpuCount is set to: 1
TpTrace Information: 0 : 28340, 1, 2023/03/09, 20:42:47.704, 2184743848360, vstest.console.dll, TestPluginManager.CreateTestExtension: Attempting to load test extension: Microsoft.VisualStudio.TestPlatform.CrossPlatEngine.Hosting.DefaultTestHostManager
TpTrace Information: 0 : 28340, 1, 2023/03/09, 20:42:47.705, 2184743862628, vstest.console.dll, TestPluginManager.CreateTestExtension: Attempting to load test extension: Microsoft.VisualStudio.TestPlatform.CrossPlatEngine.Hosting.DotnetTestHostManager
TpTrace Information: 0 : 28340, 1, 2023/03/09, 20:42:47.706, 2184743869940, vstest.console.dll, InferRunSettingsHelper.IsTestSettingsEnabled: Unable to navigate to RunSettings/MSTest. Current node: RunSettings
TpTrace Verbose: 0 : 28340, 1, 2023/03/09, 20:42:47.710, 2184743911616, vstest.console.dll, TestEngine.GetExecutionManager: Chosen execution manager 'Microsoft.VisualStudio.TestPlatform.CrossPlatEngine.Client.Parallel.ParallelProxyExecutionManager, Microsoft.TestPlatform.CrossPlatEngine, Version=15.0.0.0, Culture=neutral, PublicKeyToken=b03f5f7f11d50a3a' ParallelLevel '1'.
TpTrace Verbose: 0 : 28340, 1, 2023/03/09, 20:42:47.710, 2184743913502, vstest.console.dll, TestRunRequest.ExecuteAsync: Creating test run request.
TpTrace Verbose: 0 : 28340, 1, 2023/03/09, 20:42:47.711, 2184743915894, vstest.console.dll, TestRunRequest.ExecuteAsync: Starting.
TpTrace Information: 0 : 28340, 1, 2023/03/09, 20:42:47.711, 2184743921814, vstest.console.dll, TestRunRequest.ExecuteAsync: Starting run with settings:TestRunCriteria:
   KeepAlive=False,FrequencyOfRunStatsChangeEvent=10,RunStatsChangeEventTimeout=00:00:01.5000000,TestCaseFilter=,TestExecutorLauncher=
   Settingsxml=<RunSettings>
  <RunConfiguration>
    <ResultsDirectory>C:\_TestesGitHub1\TestNUnit\TestNUnit\bin\Debug\net6.0\fine-code-coverage\coverage-tool-output</ResultsDirectory>
    <TargetPlatform>X64</TargetPlatform>
    <TargetFrameworkVersion>.NETCoreApp,Version=v6.0</TargetFrameworkVersion>
    <DesignMode>False</DesignMode>
    <CollectSourceInformation>False</CollectSourceInformation>
  </RunConfiguration>
  <LoggerRunSettings>
    <Loggers>
      <Logger friendlyName="blame" enabled="True" />
      <Logger friendlyName="Console" uri="logger://microsoft/TestPlatform/ConsoleLogger/v1" assemblyQualifiedName="Microsoft.VisualStudio.TestPlatform.CommandLine.Internal.ConsoleLogger, vstest.console, Version=15.0.0.0, Culture=neutral, PublicKeyToken=b03f5f7f11d50a3a" codeBase="C:\Program Files\dotnet\sdk\7.0.102\vstest.console.dll" enabled="True" />
    </Loggers>
  </LoggerRunSettings>
  <DataCollectionRunSettings>
    <DataCollectors>
      <DataCollector friendlyName="blame" enabled="True">
        <Configuration>
          <ResultsDirectory>C:\_TestesGitHub1\TestNUnit\TestNUnit\bin\Debug\net6.0\fine-code-coverage\coverage-tool-output</ResultsDirectory>
        </Configuration>
      </DataCollector>
    </DataCollectors>
  </DataCollectionRunSettings>
</RunSettings>

TpTrace Verbose: 0 : 28340, 1, 2023/03/09, 20:42:47.711, 2184743922667, vstest.console.dll, TestRunRequest.ExecuteAsync: Wait for the first run request is over.
TpTrace Verbose: 0 : 28340, 1, 2023/03/09, 20:42:47.712, 2184743925841, vstest.console.dll, MulticastDelegateUtilities.SafeInvoke: TestRun.TestRunStart: Invoking callbacks was skipped because there are no subscribers.
TpTrace Verbose: 0 : 28340, 4, 2023/03/09, 20:42:47.712, 2184743928119, vstest.console.dll, MulticastDelegateUtilities.SafeInvoke: InternalTestLoggerEvents.SendTestRunStart: Invoking callback 1/1 for Microsoft.VisualStudio.TestPlatform.CommandLine.Internal.ConsoleLogger., took 0 ms.
TpTrace Verbose: 0 : 28340, 1, 2023/03/09, 20:42:47.713, 2184743936690, vstest.console.dll, ParallelProxyExecutionManager: Start execution. Total sources: 1
TpTrace Verbose: 0 : 28340, 1, 2023/03/09, 20:42:47.714, 2184743951139, vstest.console.dll, TestRequestSender is acting as server.
TpTrace Verbose: 0 : 28340, 1, 2023/03/09, 20:42:47.715, 2184743962588, vstest.console.dll, DataCollectionRequestSender.InitializeCommunication : Initialize communication. 
TpTrace Information: 0 : 28340, 1, 2023/03/09, 20:42:47.720, 2184744007870, vstest.console.dll, Listening on Endpoint : 127.0.0.1:51349
TpTrace Verbose: 0 : 28340, 1, 2023/03/09, 20:42:47.728, 2184744092587, vstest.console.dll, DotnetDataCollectionLauncher: Adding  --runtimeconfig "C:\Program Files\dotnet\sdk\7.0.102\datacollector.runtimeconfig.json" in args
TpTrace Verbose: 0 : 28340, 1, 2023/03/09, 20:42:47.728, 2184744093886, vstest.console.dll, DotnetDataCollectionLauncher: Adding  --depsfile "C:\Program Files\dotnet\sdk\7.0.102\datacollector.deps.json" in args
TpTrace Verbose: 0 : 28340, 1, 2023/03/09, 20:42:47.729, 2184744095330, vstest.console.dll, DotnetDataCollectionLauncher: Full path of dotnet.exe is C:\Program Files\dotnet\dotnet.exe
TpTrace Information: 0 : 28340, 1, 2023/03/09, 20:42:47.744, 2184744245034, vstest.console.dll, ProxyDataCollectionManager.Initialize: Launched datacollector processId: 26492 port: 51349
TpTrace Information: 0 : 28340, 1, 2023/03/09, 20:42:47.744, 2184744247159, vstest.console.dll, ProxyDataCollectionManager.Initialize: waiting for connection with timeout: 90 seconds
TpTrace Verbose: 0 : 28340, 1, 2023/03/09, 20:42:47.744, 2184744247912, vstest.console.dll, DataCollectionRequestSender.WaitForRequestHandlerConnection : Waiting for connection with timeout: 90000
TpTrace Information: 0 : 28340, 7, 2023/03/09, 20:42:47.928, 2184746088781, vstest.console.dll, Using the buffer size of 16384 bytes
TpTrace Verbose: 0 : 28340, 1, 2023/03/09, 20:42:47.928, 2184746089043, vstest.console.dll, SocketCommunicationManager.WaitForClientConnection took: 184 ms, with 90000 ms timeout, and finished with True.
TpTrace Information: 0 : 28340, 7, 2023/03/09, 20:42:47.928, 2184746090404, vstest.console.dll, Accepted Client request and set the flag
TpTrace Verbose: 0 : 28340, 1, 2023/03/09, 20:42:47.928, 2184746092072, vstest.console.dll, ProxyDataCollectionManager.InvokeDataCollectionServiceAction: Starting.
TpTrace Information: 0 : 28340, 1, 2023/03/09, 20:42:47.929, 2184746096262, vstest.console.dll, ProxyDataCollectionManager.BeforeTestRunStart: Get environment variable and port for datacollector processId: 26492 port: 51349
TpTrace Verbose: 0 : 28340, 1, 2023/03/09, 20:42:47.929, 2184746097940, vstest.console.dll, DataCollectionRequestSender.SendBeforeTestRunStartAndGetResult: Send BeforeTestRunStart message with settingsXml <RunSettings><RunConfiguration><ResultsDirectory>C:\_TestesGitHub1\TestNUnit\TestNUnit\bin\Debug\net6.0\fine-code-coverage\coverage-tool-output</ResultsDirectory><TargetPlatform>X64</TargetPlatform><TargetFrameworkVersion>.NETCoreApp,Version=v6.0</TargetFrameworkVersion><DesignMode>False</DesignMode><CollectSourceInformation>False</CollectSourceInformation><TestAdaptersPaths>C:\Program Files\dotnet\sdk\7.0.102\Extensions</TestAdaptersPaths></RunConfiguration><LoggerRunSettings><Loggers><Logger friendlyName="blame" enabled="True" /><Logger friendlyName="Console" uri="logger://microsoft/TestPlatform/ConsoleLogger/v1" assemblyQualifiedName="Microsoft.VisualStudio.TestPlatform.CommandLine.Internal.ConsoleLogger, vstest.console, Version=15.0.0.0, Culture=neutral, PublicKeyToken=b03f5f7f11d50a3a" codeBase="C:\Program Files\dotnet\sdk\7.0.102\vstest.console.dll" enabled="True" /></Loggers></LoggerRunSettings><DataCollectionRunSettings><DataCollectors><DataCollector friendlyName="blame" enabled="True"><Configuration><ResultsDirectory>C:\_TestesGitHub1\TestNUnit\TestNUnit\bin\Debug\net6.0\fine-code-coverage\coverage-tool-output</ResultsDirectory></Configuration></DataCollector></DataCollectors></DataCollectionRunSettings></RunSettings> and sources System.Collections.Generic.List`1[System.String]: 
TpTrace Verbose: 0 : 28340, 1, 2023/03/09, 20:42:48.048, 2184747290443, vstest.console.dll, DataCollectionRequestSender.SendBeforeTestRunStartAndGetResult: Received message: (DataCollection.SendMessage) -> {"MessageType":"DataCollection.SendMessage","Payload":{"FriendlyName":null,"Uri":null,"TestCaseId":"00000000-0000-0000-0000-000000000000","Message":"Logging DataCollector Diagnostics in file: C:\\_TestesGitHub1\\TestNUnit\\TestNUnit\\bin\\Debug\\net6.0\\fine-code-coverage\\coverage-tool-output\\diagnostics.datacollector.23-03-09_20-42-47_72854_1.log","Level":0}}
TpTrace Verbose: 0 : 28340, 1, 2023/03/09, 20:42:48.144, 2184748246418, vstest.console.dll, DataCollectionRequestSender.SendBeforeTestRunStartAndGetResult: Received message: (DataCollection.BeforeTestRunStartResult) -> {"MessageType":"DataCollection.BeforeTestRunStartResult","Payload":{"EnvironmentVariables":{},"DataCollectionEventsPort":51351}}
TpTrace Information: 0 : 28340, 1, 2023/03/09, 20:42:48.151, 2184748316928, vstest.console.dll, ProxyDataCollectionManager.BeforeTestRunStart: SendBeforeTestRunStartAndGetResult successful, env variable from datacollector:   and testhost port: 51351
TpTrace Information: 0 : 28340, 1, 2023/03/09, 20:42:48.151, 2184748318196, vstest.console.dll, ProxyDataCollectionManager.InvokeDataCollectionServiceAction: Completed.
TpTrace Verbose: 0 : 28340, 1, 2023/03/09, 20:42:48.151, 2184748319696, vstest.console.dll, ProxyParallelExecutionManager: No sources available for execution.
TpTrace Verbose: 0 : 28340, 7, 2023/03/09, 20:42:48.151, 2184748319870, vstest.console.dll, ParallelProxyExecutionManager: Execution started. Started clients: 1
TpTrace Information: 0 : 28340, 1, 2023/03/09, 20:42:48.151, 2184748320869, vstest.console.dll, TestRunRequest.ExecuteAsync: Started.
TpTrace Verbose: 0 : 28340, 7, 2023/03/09, 20:42:48.152, 2184748324893, vstest.console.dll, TestRunRequest:SendTestRunMessage: Starting.
TpTrace Verbose: 0 : 28340, 1, 2023/03/09, 20:42:48.152, 2184748324917, vstest.console.dll, TestRunRequest.WaitForCompletion: Waiting with timeout -1.
TpTrace Verbose: 0 : 28340, 7, 2023/03/09, 20:42:48.152, 2184748326699, vstest.console.dll, MulticastDelegateUtilities.SafeInvoke: TestRun.LogMessages: Invoking callback 1/1 for Microsoft.VisualStudio.TestPlatform.CommandLine.TestRunResultAggregator., took 0 ms.
TpTrace Information: 0 : 28340, 7, 2023/03/09, 20:42:48.152, 2184748327132, vstest.console.dll, TestRunRequest:SendTestRunMessage: Completed.
TpTrace Verbose: 0 : 28340, 4, 2023/03/09, 20:42:48.152, 2184748329207, vstest.console.dll, MulticastDelegateUtilities.SafeInvoke: InternalTestLoggerEvents.SendTestRunMessage: Invoking callback 1/1 for Microsoft.VisualStudio.TestPlatform.CommandLine.Internal.ConsoleLogger., took 0 ms.
TpTrace Verbose: 0 : 28340, 7, 2023/03/09, 20:42:48.152, 2184748329529, vstest.console.dll, ProxyExecutionManager: Test host is always Lazy initialize.
TpTrace Verbose: 0 : 28340, 7, 2023/03/09, 20:42:48.152, 2184748332552, vstest.console.dll, TestRequestSender.InitializeCommunication: initialize communication. 
TpTrace Information: 0 : 28340, 7, 2023/03/09, 20:42:48.153, 2184748343250, vstest.console.dll, SocketServer.Start: Listening on endpoint : 127.0.0.1:51352
TpTrace Verbose: 0 : 28340, 7, 2023/03/09, 20:42:48.154, 2184748351164, vstest.console.dll, DotnetTestHostmanager.GetTestHostProcessStartInfo: Platform environment 'X64' target architecture 'X64' framework '.NETCoreApp,Version=v6.0' OS 'Windows'
TpTrace Verbose: 0 : 28340, 7, 2023/03/09, 20:42:48.154, 2184748353264, vstest.console.dll, DotnetTestHostmanager: Adding  --runtimeconfig "C:\_TestesGitHub1\TestNUnit\TestNUnit\bin\Debug\net6.0\fine-code-coverage\build-output\TestNUnit.runtimeconfig.json" in args
TpTrace Verbose: 0 : 28340, 7, 2023/03/09, 20:42:48.154, 2184748354178, vstest.console.dll, DotnetTestHostmanager: Adding  --depsfile "C:\_TestesGitHub1\TestNUnit\TestNUnit\bin\Debug\net6.0\fine-code-coverage\build-output\TestNUnit.deps.json" in args
TpTrace Verbose: 0 : 28340, 7, 2023/03/09, 20:42:48.155, 2184748357852, vstest.console.dll, DotnetTestHostmanager.IsWinOnArm: Current PROCESSOR_ARCHITECTURE from environment variable 'AMD64'
TpTrace Verbose: 0 : 28340, 7, 2023/03/09, 20:42:48.155, 2184748358861, vstest.console.dll, DotnetTestHostmanager.IsWinOnArm: Is Windows on ARM 'False'
TpTrace Verbose: 0 : 28340, 7, 2023/03/09, 20:42:48.155, 2184748359763, vstest.console.dll, DotnetTestHostManager: testhost.exe found at path: C:\_TestesGitHub1\TestNUnit\TestNUnit\bin\Debug\net6.0\fine-code-coverage\build-output\testhost.exe
TpTrace Verbose: 0 : 28340, 7, 2023/03/09, 20:42:48.155, 2184748360252, vstest.console.dll, DotnetTestHostmanager: Full path of host exe is C:\_TestesGitHub1\TestNUnit\TestNUnit\bin\Debug\net6.0\fine-code-coverage\build-output\testhost.exe
TpTrace Verbose: 0 : 28340, 7, 2023/03/09, 20:42:48.155, 2184748361553, vstest.console.dll, DotnetTestHostmanager.LaunchTestHostAsync: Found 'VSTEST_WINAPPHOST_DOTNET_ROOT' in env variables, value 'C:\Program Files\dotnet', forwarding to 'DOTNET_ROOT'
TpTrace Verbose: 0 : 28340, 7, 2023/03/09, 20:42:48.155, 2184748363372, vstest.console.dll, DotnetTestHostManager: Starting process 'C:\_TestesGitHub1\TestNUnit\TestNUnit\bin\Debug\net6.0\fine-code-coverage\build-output\testhost.exe' with command line ' --runtimeconfig "C:\_TestesGitHub1\TestNUnit\TestNUnit\bin\Debug\net6.0\fine-code-coverage\build-output\TestNUnit.runtimeconfig.json" --depsfile "C:\_TestesGitHub1\TestNUnit\TestNUnit\bin\Debug\net6.0\fine-code-coverage\build-output\TestNUnit.deps.json" --port 51352 --endpoint 127.0.0.1:051352 --role client --parentprocessid 28340 --diag "C:\_TestesGitHub1\TestNUnit\TestNUnit\bin\Debug\net6.0\fine-code-coverage\coverage-tool-output\diagnostics.host.23-03-09_20-42-48_15426_7.log" --tracelevel 4 --datacollectionport 51351 --telemetryoptedin false'
TpTrace Verbose: 0 : 28340, 7, 2023/03/09, 20:42:48.188, 2184748688434, vstest.console.dll, MulticastDelegateUtilities.SafeInvoke: HostProviderEvents.OnHostLaunched: Invoking callback 1/2 for Microsoft.VisualStudio.TestPlatform.CrossPlatEngine.Client.ProxyExecutionManagerWithDataCollection., took 1 ms.
TpTrace Verbose: 0 : 28340, 7, 2023/03/09, 20:42:48.188, 2184748691447, vstest.console.dll, Test Runtime launched
TpTrace Verbose: 0 : 28340, 7, 2023/03/09, 20:42:48.188, 2184748692181, vstest.console.dll, MulticastDelegateUtilities.SafeInvoke: HostProviderEvents.OnHostLaunched: Invoking callback 2/2 for Microsoft.VisualStudio.TestPlatform.CrossPlatEngine.Client.ProxyOperationManager., took 0 ms.
TpTrace Verbose: 0 : 28340, 7, 2023/03/09, 20:42:48.189, 2184748696668, vstest.console.dll, TestRequestSender.WaitForRequestHandlerConnection: waiting for connection with timeout: 90000.
TpTrace Verbose: 0 : 28340, 7, 2023/03/09, 20:42:48.464, 2184751445498, vstest.console.dll, TestRequestSender.WaitForRequestHandlerConnection: waiting took 274 ms, with timeout 90000 ms, and result 0, which is success.
TpTrace Verbose: 0 : 28340, 12, 2023/03/09, 20:42:48.464, 2184751445497, vstest.console.dll, MulticastDelegateUtilities.SafeInvoke: SocketServer: ClientConnected: Invoking callback 1/1 for Microsoft.VisualStudio.TestPlatform.CommunicationUtilities.TestRequestSender., took 0 ms.
TpTrace Verbose: 0 : 28340, 12, 2023/03/09, 20:42:48.464, 2184751448335, vstest.console.dll, SocketServer.OnClientConnected: Client connected for endPoint: 127.0.0.1:51352, starting MessageLoopAsync:
TpTrace Verbose: 0 : 28340, 13, 2023/03/09, 20:42:48.464, 2184751452328, vstest.console.dll, TcpClientExtensions.MessageLoopAsync: Polling on remoteEndPoint: 127.0.0.1:51353 localEndPoint: 127.0.0.1:51352
TpTrace Verbose: 0 : 28340, 7, 2023/03/09, 20:42:48.465, 2184751459496, vstest.console.dll, TestRequestSender.CheckVersionWithTestHost: Sending check version message: {"MessageType":"ProtocolVersion","Payload":7}
TpTrace Verbose: 0 : 28340, 13, 2023/03/09, 20:42:48.602, 2184752825903, vstest.console.dll, TcpClientExtensions.MessageLoopAsync: NotifyDataAvailable remoteEndPoint: 127.0.0.1:51353 localEndPoint: 127.0.0.1:51352
TpTrace Verbose: 0 : 28340, 13, 2023/03/09, 20:42:48.602, 2184752828574, vstest.console.dll, TestRequestSender.CheckVersionWithTestHost: onMessageReceived received message: (ProtocolVersion) -> {"MessageType":"ProtocolVersion","Payload":7}
TpTrace Verbose: 0 : 28340, 13, 2023/03/09, 20:42:48.603, 2184752837370, vstest.console.dll, MulticastDelegateUtilities.SafeInvoke: LengthPrefixCommunicationChannel: MessageReceived: Invoking callback 1/1 for Microsoft.VisualStudio.TestPlatform.CommunicationUtilities.TestRequestSender+<>c__DisplayClass26_0., took 0 ms.
TpTrace Verbose: 0 : 28340, 7, 2023/03/09, 20:42:48.603, 2184752838238, vstest.console.dll, TestPluginCache.GetExtensionPaths: Filtered extension paths: 
TpTrace Verbose: 0 : 28340, 7, 2023/03/09, 20:42:48.603, 2184752839363, vstest.console.dll, TestPluginCache.GetExtensionPaths: Added default extension paths: C:\Program Files\dotnet\sdk\7.0.102\Extensions\Microsoft.Diagnostics.NETCore.Client.dll
C:\Program Files\dotnet\sdk\7.0.102\Extensions\Microsoft.TestPlatform.Extensions.BlameDataCollector.dll
C:\Program Files\dotnet\sdk\7.0.102\Extensions\Microsoft.TestPlatform.Extensions.EventLogCollector.dll
C:\Program Files\dotnet\sdk\7.0.102\Extensions\Microsoft.TestPlatform.TestHostRuntimeProvider.dll
C:\Program Files\dotnet\sdk\7.0.102\Extensions\Microsoft.VisualStudio.TestPlatform.Extensions.Html.TestLogger.dll
C:\Program Files\dotnet\sdk\7.0.102\Extensions\Microsoft.VisualStudio.TestPlatform.Extensions.Trx.TestLogger.dll
TpTrace Verbose: 0 : 28340, 13, 2023/03/09, 20:42:48.603, 2184752838768, vstest.console.dll, TcpClientExtensions.MessageLoopAsync: Polling on remoteEndPoint: 127.0.0.1:51353 localEndPoint: 127.0.0.1:51352
TpTrace Verbose: 0 : 28340, 7, 2023/03/09, 20:42:48.603, 2184752840135, vstest.console.dll, TestPluginCache.GetExtensionPaths: Added unfilterableExtensionPaths: 
TpTrace Verbose: 0 : 28340, 7, 2023/03/09, 20:42:48.607, 2184752877067, vstest.console.dll, TestRequestSender.InitializeExecution: Sending initialize execution with message: {"Version":7,"MessageType":"TestExecution.Initialize","Payload":["C:\\_TestesGitHub1\\TestNUnit\\TestNUnit\\bin\\Debug\\net6.0\\fine-code-coverage\\build-output\\NUnit3.TestAdapter.dll"]}
TpTrace Warning: 0 : 28340, 7, 2023/03/09, 20:42:48.607, 2184752881970, vstest.console.dll, InferRunSettingsHelper.MakeRunsettingsCompatible: Removing the following settings: TargetPlatform from RunSettings file. To use those settings please move to latest version of Microsoft.NET.Test.Sdk
TpTrace Verbose: 0 : 28340, 7, 2023/03/09, 20:42:48.616, 2184752971238, vstest.console.dll, TestRequestSender.StartTestRun: Sending test run with message: {"Version":7,"MessageType":"TestExecution.StartWithSources","Payload":{"AdapterSourceMap":{"_none_":["C:\\_TestesGitHub1\\TestNUnit\\TestNUnit\\bin\\Debug\\net6.0\\fine-code-coverage\\build-output\\TestNUnit.dll"]},"RunSettings":"<RunSettings>\r\n  <RunConfiguration>\r\n    <ResultsDirectory>C:\\_TestesGitHub1\\TestNUnit\\TestNUnit\\bin\\Debug\\net6.0\\fine-code-coverage\\coverage-tool-output</ResultsDirectory>\r\n    <TargetFrameworkVersion>.NETCoreApp,Version=v6.0</TargetFrameworkVersion>\r\n    <DesignMode>False</DesignMode>\r\n    <CollectSourceInformation>False</CollectSourceInformation>\r\n  </RunConfiguration>\r\n  <LoggerRunSettings>\r\n    <Loggers>\r\n      <Logger friendlyName=\"blame\" enabled=\"True\" />\r\n      <Logger friendlyName=\"Console\" uri=\"logger://microsoft/TestPlatform/ConsoleLogger/v1\" assemblyQualifiedName=\"Microsoft.VisualStudio.TestPlatform.CommandLine.Internal.ConsoleLogger, vstest.console, Version=15.0.0.0, Culture=neutral, PublicKeyToken=b03f5f7f11d50a3a\" codeBase=\"C:\\Program Files\\dotnet\\sdk\\7.0.102\\vstest.console.dll\" enabled=\"True\" />\r\n    </Loggers>\r\n  </LoggerRunSettings>\r\n  <DataCollectionRunSettings>\r\n    <DataCollectors>\r\n      <DataCollector friendlyName=\"blame\" enabled=\"True\">\r\n        <Configuration>\r\n          <ResultsDirectory>C:\\_TestesGitHub1\\TestNUnit\\TestNUnit\\bin\\Debug\\net6.0\\fine-code-coverage\\coverage-tool-output</ResultsDirectory>\r\n        </Configuration>\r\n      </DataCollector>\r\n    </DataCollectors>\r\n  </DataCollectionRunSettings>\r\n</RunSettings>","TestExecutionContext":{"FrequencyOfRunStatsChangeEvent":10,"RunStatsChangeEventTimeout":"00:00:01.5000000","InIsolation":false,"KeepAlive":false,"AreTestCaseLevelEventsRequired":false,"IsDebug":false,"TestCaseFilter":null,"FilterOptions":null},"Package":null}}
TpTrace Verbose: 0 : 28340, 13, 2023/03/09, 20:42:48.633, 2184753141925, vstest.console.dll, TcpClientExtensions.MessageLoopAsync: NotifyDataAvailable remoteEndPoint: 127.0.0.1:51353 localEndPoint: 127.0.0.1:51352
TpTrace Verbose: 0 : 28340, 13, 2023/03/09, 20:42:48.634, 2184753146909, vstest.console.dll, TestRequestSender.OnExecutionMessageReceived: Received message: {"Version":7,"MessageType":"TestSession.Message","Payload":{"MessageLevel":0,"Message":"Registro em log do diagnóstico TestHost no arquivo: C:\\_TestesGitHub1\\TestNUnit\\TestNUnit\\bin\\Debug\\net6.0\\fine-code-coverage\\coverage-tool-output\\diagnostics.host.23-03-09_20-42-48_15426_7.log"}}
TpTrace Verbose: 0 : 28340, 13, 2023/03/09, 20:42:48.636, 2184753171460, vstest.console.dll, TestRunRequest:SendTestRunMessage: Starting.
TpTrace Verbose: 0 : 28340, 13, 2023/03/09, 20:42:48.636, 2184753173125, vstest.console.dll, MulticastDelegateUtilities.SafeInvoke: TestRun.LogMessages: Invoking callback 1/1 for Microsoft.VisualStudio.TestPlatform.CommandLine.TestRunResultAggregator., took 0 ms.
TpTrace Information: 0 : 28340, 13, 2023/03/09, 20:42:48.636, 2184753173518, vstest.console.dll, TestRunRequest:SendTestRunMessage: Completed.
TpTrace Verbose: 0 : 28340, 4, 2023/03/09, 20:42:48.636, 2184753173743, vstest.console.dll, MulticastDelegateUtilities.SafeInvoke: InternalTestLoggerEvents.SendTestRunMessage: Invoking callback 1/1 for Microsoft.VisualStudio.TestPlatform.CommandLine.Internal.ConsoleLogger., took 0 ms.
TpTrace Verbose: 0 : 28340, 13, 2023/03/09, 20:42:48.636, 2184753173879, vstest.console.dll, MulticastDelegateUtilities.SafeInvoke: LengthPrefixCommunicationChannel: MessageReceived: Invoking callback 1/1 for Microsoft.VisualStudio.TestPlatform.CommunicationUtilities.TestRequestSender+<>c__DisplayClass31_0., took 2 ms.
TpTrace Verbose: 0 : 28340, 13, 2023/03/09, 20:42:48.637, 2184753174838, vstest.console.dll, TcpClientExtensions.MessageLoopAsync: Polling on remoteEndPoint: 127.0.0.1:51353 localEndPoint: 127.0.0.1:51352
TpTrace Verbose: 0 : 28340, 13, 2023/03/09, 20:42:48.855, 2184755364253, vstest.console.dll, TcpClientExtensions.MessageLoopAsync: NotifyDataAvailable remoteEndPoint: 127.0.0.1:51353 localEndPoint: 127.0.0.1:51352
TpTrace Verbose: 0 : 28340, 13, 2023/03/09, 20:42:48.856, 2184755365944, vstest.console.dll, TestRequestSender.OnExecutionMessageReceived: Received message: {"Version":7,"MessageType":"TestSession.Message","Payload":{"MessageLevel":0,"Message":"NUnit Adapter 4.2.0.0: Test execution started"}}
TpTrace Verbose: 0 : 28340, 13, 2023/03/09, 20:42:48.856, 2184755368472, vstest.console.dll, TestRunRequest:SendTestRunMessage: Starting.
TpTrace Verbose: 0 : 28340, 13, 2023/03/09, 20:42:48.856, 2184755369560, vstest.console.dll, MulticastDelegateUtilities.SafeInvoke: TestRun.LogMessages: Invoking callback 1/1 for Microsoft.VisualStudio.TestPlatform.CommandLine.TestRunResultAggregator., took 0 ms.
TpTrace Information: 0 : 28340, 13, 2023/03/09, 20:42:48.856, 2184755370173, vstest.console.dll, TestRunRequest:SendTestRunMessage: Completed.
TpTrace Verbose: 0 : 28340, 4, 2023/03/09, 20:42:48.856, 2184755370389, vstest.console.dll, MulticastDelegateUtilities.SafeInvoke: InternalTestLoggerEvents.SendTestRunMessage: Invoking callback 1/1 for Microsoft.VisualStudio.TestPlatform.CommandLine.Internal.ConsoleLogger., took 0 ms.
TpTrace Verbose: 0 : 28340, 13, 2023/03/09, 20:42:48.856, 2184755370447, vstest.console.dll, MulticastDelegateUtilities.SafeInvoke: LengthPrefixCommunicationChannel: MessageReceived: Invoking callback 1/1 for Microsoft.VisualStudio.TestPlatform.CommunicationUtilities.TestRequestSender+<>c__DisplayClass31_0., took 0 ms.
TpTrace Verbose: 0 : 28340, 13, 2023/03/09, 20:42:48.856, 2184755372358, vstest.console.dll, TcpClientExtensions.MessageLoopAsync: Polling on remoteEndPoint: 127.0.0.1:51353 localEndPoint: 127.0.0.1:51352
TpTrace Verbose: 0 : 28340, 13, 2023/03/09, 20:42:48.886, 2184755671664, vstest.console.dll, TcpClientExtensions.MessageLoopAsync: NotifyDataAvailable remoteEndPoint: 127.0.0.1:51353 localEndPoint: 127.0.0.1:51352
TpTrace Verbose: 0 : 28340, 13, 2023/03/09, 20:42:48.886, 2184755673422, vstest.console.dll, TestRequestSender.OnExecutionMessageReceived: Received message: {"Version":7,"MessageType":"TestSession.Message","Payload":{"MessageLevel":0,"Message":"Running all tests in C:\\_TestesGitHub1\\TestNUnit\\TestNUnit\\bin\\Debug\\net6.0\\fine-code-coverage\\build-output\\TestNUnit.dll"}}
TpTrace Verbose: 0 : 28340, 13, 2023/03/09, 20:42:48.887, 2184755674828, vstest.console.dll, TestRunRequest:SendTestRunMessage: Starting.
TpTrace Verbose: 0 : 28340, 13, 2023/03/09, 20:42:48.887, 2184755675498, vstest.console.dll, MulticastDelegateUtilities.SafeInvoke: TestRun.LogMessages: Invoking callback 1/1 for Microsoft.VisualStudio.TestPlatform.CommandLine.TestRunResultAggregator., took 0 ms.
TpTrace Information: 0 : 28340, 13, 2023/03/09, 20:42:48.887, 2184755675808, vstest.console.dll, TestRunRequest:SendTestRunMessage: Completed.
TpTrace Verbose: 0 : 28340, 13, 2023/03/09, 20:42:48.887, 2184755676103, vstest.console.dll, MulticastDelegateUtilities.SafeInvoke: LengthPrefixCommunicationChannel: MessageReceived: Invoking callback 1/1 for Microsoft.VisualStudio.TestPlatform.CommunicationUtilities.TestRequestSender+<>c__DisplayClass31_0., took 0 ms.
TpTrace Verbose: 0 : 28340, 4, 2023/03/09, 20:42:48.887, 2184755676300, vstest.console.dll, MulticastDelegateUtilities.SafeInvoke: InternalTestLoggerEvents.SendTestRunMessage: Invoking callback 1/1 for Microsoft.VisualStudio.TestPlatform.CommandLine.Internal.ConsoleLogger., took 0 ms.
TpTrace Verbose: 0 : 28340, 13, 2023/03/09, 20:42:48.887, 2184755676412, vstest.console.dll, TcpClientExtensions.MessageLoopAsync: Polling on remoteEndPoint: 127.0.0.1:51353 localEndPoint: 127.0.0.1:51352
TpTrace Verbose: 0 : 28340, 13, 2023/03/09, 20:42:49.298, 2184759786079, vstest.console.dll, TcpClientExtensions.MessageLoopAsync: NotifyDataAvailable remoteEndPoint: 127.0.0.1:51353 localEndPoint: 127.0.0.1:51352
TpTrace Verbose: 0 : 28340, 13, 2023/03/09, 20:42:49.298, 2184759787775, vstest.console.dll, TestRequestSender.OnExecutionMessageReceived: Received message: {"Version":7,"MessageType":"TestSession.Message","Payload":{"MessageLevel":0,"Message":"   NUnit3TestExecutor discovered 15 of 15 NUnit test cases using Current Discovery mode, Non-Explicit run"}}
TpTrace Verbose: 0 : 28340, 13, 2023/03/09, 20:42:49.298, 2184759789181, vstest.console.dll, TestRunRequest:SendTestRunMessage: Starting.
TpTrace Verbose: 0 : 28340, 13, 2023/03/09, 20:42:49.298, 2184759789813, vstest.console.dll, MulticastDelegateUtilities.SafeInvoke: TestRun.LogMessages: Invoking callback 1/1 for Microsoft.VisualStudio.TestPlatform.CommandLine.TestRunResultAggregator., took 0 ms.
TpTrace Information: 0 : 28340, 13, 2023/03/09, 20:42:49.298, 2184759790074, vstest.console.dll, TestRunRequest:SendTestRunMessage: Completed.
TpTrace Verbose: 0 : 28340, 13, 2023/03/09, 20:42:49.298, 2184759790320, vstest.console.dll, MulticastDelegateUtilities.SafeInvoke: LengthPrefixCommunicationChannel: MessageReceived: Invoking callback 1/1 for Microsoft.VisualStudio.TestPlatform.CommunicationUtilities.TestRequestSender+<>c__DisplayClass31_0., took 0 ms.
TpTrace Verbose: 0 : 28340, 4, 2023/03/09, 20:42:49.298, 2184759790489, vstest.console.dll, MulticastDelegateUtilities.SafeInvoke: InternalTestLoggerEvents.SendTestRunMessage: Invoking callback 1/1 for Microsoft.VisualStudio.TestPlatform.CommandLine.Internal.ConsoleLogger., took 0 ms.
TpTrace Verbose: 0 : 28340, 13, 2023/03/09, 20:42:49.298, 2184759790559, vstest.console.dll, TcpClientExtensions.MessageLoopAsync: Polling on remoteEndPoint: 127.0.0.1:51353 localEndPoint: 127.0.0.1:51352
TpTrace Verbose: 0 : 28340, 13, 2023/03/09, 20:42:49.750, 2184764312138, vstest.console.dll, TcpClientExtensions.MessageLoopAsync: NotifyDataAvailable remoteEndPoint: 127.0.0.1:51353 localEndPoint: 127.0.0.1:51352
TpTrace Verbose: 0 : 28340, 13, 2023/03/09, 20:42:49.750, 2184764313294, vstest.console.dll, TestRequestSender.OnExecutionMessageReceived: Received message: {"Version":7,"MessageType":"TestSession.Message","Payload":{"MessageLevel":1,"Message":"Resultado é 0\r\n"}}
TpTrace Verbose: 0 : 28340, 13, 2023/03/09, 20:42:49.751, 2184764314728, vstest.console.dll, TestRunRequest:SendTestRunMessage: Starting.
TpTrace Verbose: 0 : 28340, 13, 2023/03/09, 20:42:49.751, 2184764315305, vstest.console.dll, MulticastDelegateUtilities.SafeInvoke: TestRun.LogMessages: Invoking callback 1/1 for Microsoft.VisualStudio.TestPlatform.CommandLine.TestRunResultAggregator., took 0 ms.
TpTrace Information: 0 : 28340, 13, 2023/03/09, 20:42:49.751, 2184764315576, vstest.console.dll, TestRunRequest:SendTestRunMessage: Completed.
TpTrace Verbose: 0 : 28340, 13, 2023/03/09, 20:42:49.751, 2184764315809, vstest.console.dll, MulticastDelegateUtilities.SafeInvoke: LengthPrefixCommunicationChannel: MessageReceived: Invoking callback 1/1 for Microsoft.VisualStudio.TestPlatform.CommunicationUtilities.TestRequestSender+<>c__DisplayClass31_0., took 0 ms.
TpTrace Verbose: 0 : 28340, 13, 2023/03/09, 20:42:49.751, 2184764316310, vstest.console.dll, TcpClientExtensions.MessageLoopAsync: Polling on remoteEndPoint: 127.0.0.1:51353 localEndPoint: 127.0.0.1:51352
TpTrace Verbose: 0 : 28340, 4, 2023/03/09, 20:42:49.751, 2184764317552, vstest.console.dll, MulticastDelegateUtilities.SafeInvoke: InternalTestLoggerEvents.SendTestRunMessage: Invoking callback 1/1 for Microsoft.VisualStudio.TestPlatform.CommandLine.Internal.ConsoleLogger., took 0 ms.
TpTrace Verbose: 0 : 28340, 13, 2023/03/09, 20:42:49.753, 2184764344343, vstest.console.dll, TcpClientExtensions.MessageLoopAsync: NotifyDataAvailable remoteEndPoint: 127.0.0.1:51353 localEndPoint: 127.0.0.1:51352
TpTrace Verbose: 0 : 28340, 13, 2023/03/09, 20:42:49.754, 2184764346103, vstest.console.dll, TestRequestSender.OnExecutionMessageReceived: Received message: {"Version":7,"MessageType":"TestSession.Message","Payload":{"MessageLevel":1,"Message":"Resultado é 0\r\n"}}
TpTrace Verbose: 0 : 28340, 13, 2023/03/09, 20:42:49.754, 2184764347183, vstest.console.dll, TestRunRequest:SendTestRunMessage: Starting.
TpTrace Verbose: 0 : 28340, 13, 2023/03/09, 20:42:49.754, 2184764347735, vstest.console.dll, MulticastDelegateUtilities.SafeInvoke: TestRun.LogMessages: Invoking callback 1/1 for Microsoft.VisualStudio.TestPlatform.CommandLine.TestRunResultAggregator., took 0 ms.
TpTrace Information: 0 : 28340, 13, 2023/03/09, 20:42:49.754, 2184764347991, vstest.console.dll, TestRunRequest:SendTestRunMessage: Completed.
TpTrace Verbose: 0 : 28340, 13, 2023/03/09, 20:42:49.754, 2184764348225, vstest.console.dll, MulticastDelegateUtilities.SafeInvoke: LengthPrefixCommunicationChannel: MessageReceived: Invoking callback 1/1 for Microsoft.VisualStudio.TestPlatform.CommunicationUtilities.TestRequestSender+<>c__DisplayClass31_0., took 0 ms.
TpTrace Verbose: 0 : 28340, 13, 2023/03/09, 20:42:49.754, 2184764348677, vstest.console.dll, TcpClientExtensions.MessageLoopAsync: Polling on remoteEndPoint: 127.0.0.1:51353 localEndPoint: 127.0.0.1:51352
TpTrace Verbose: 0 : 28340, 4, 2023/03/09, 20:42:49.754, 2184764348683, vstest.console.dll, MulticastDelegateUtilities.SafeInvoke: InternalTestLoggerEvents.SendTestRunMessage: Invoking callback 1/1 for Microsoft.VisualStudio.TestPlatform.CommandLine.Internal.ConsoleLogger., took 0 ms.
TpTrace Verbose: 0 : 28340, 13, 2023/03/09, 20:42:49.757, 2184764382040, vstest.console.dll, TcpClientExtensions.MessageLoopAsync: NotifyDataAvailable remoteEndPoint: 127.0.0.1:51353 localEndPoint: 127.0.0.1:51352
TpTrace Verbose: 0 : 28340, 13, 2023/03/09, 20:42:49.757, 2184764383350, vstest.console.dll, TestRequestSender.OnExecutionMessageReceived: Received message: {"Version":7,"MessageType":"TestSession.Message","Payload":{"MessageLevel":1,"Message":"Resultado é 0\r\n"}}
TpTrace Verbose: 0 : 28340, 13, 2023/03/09, 20:42:49.758, 2184764384647, vstest.console.dll, TestRunRequest:SendTestRunMessage: Starting.
TpTrace Verbose: 0 : 28340, 13, 2023/03/09, 20:42:49.758, 2184764385575, vstest.console.dll, MulticastDelegateUtilities.SafeInvoke: TestRun.LogMessages: Invoking callback 1/1 for Microsoft.VisualStudio.TestPlatform.CommandLine.TestRunResultAggregator., took 0 ms.
TpTrace Information: 0 : 28340, 13, 2023/03/09, 20:42:49.758, 2184764385840, vstest.console.dll, TestRunRequest:SendTestRunMessage: Completed.
TpTrace Verbose: 0 : 28340, 13, 2023/03/09, 20:42:49.758, 2184764386081, vstest.console.dll, MulticastDelegateUtilities.SafeInvoke: LengthPrefixCommunicationChannel: MessageReceived: Invoking callback 1/1 for Microsoft.VisualStudio.TestPlatform.CommunicationUtilities.TestRequestSender+<>c__DisplayClass31_0., took 0 ms.
TpTrace Verbose: 0 : 28340, 13, 2023/03/09, 20:42:49.758, 2184764386354, vstest.console.dll, TcpClientExtensions.MessageLoopAsync: Polling on remoteEndPoint: 127.0.0.1:51353 localEndPoint: 127.0.0.1:51352
TpTrace Verbose: 0 : 28340, 4, 2023/03/09, 20:42:49.758, 2184764386398, vstest.console.dll, MulticastDelegateUtilities.SafeInvoke: InternalTestLoggerEvents.SendTestRunMessage: Invoking callback 1/1 for Microsoft.VisualStudio.TestPlatform.CommandLine.Internal.ConsoleLogger., took 0 ms.
TpTrace Verbose: 0 : 28340, 13, 2023/03/09, 20:42:49.765, 2184764460573, vstest.console.dll, TcpClientExtensions.MessageLoopAsync: NotifyDataAvailable remoteEndPoint: 127.0.0.1:51353 localEndPoint: 127.0.0.1:51352
TpTrace Verbose: 0 : 28340, 13, 2023/03/09, 20:42:49.765, 2184764462875, vstest.console.dll, TestRequestSender.OnExecutionMessageReceived: Received message: {"Version":7,"MessageType":"TestSession.Message","Payload":{"MessageLevel":1,"Message":"Resultado é 0\r\n"}}
TpTrace Verbose: 0 : 28340, 13, 2023/03/09, 20:42:49.765, 2184764463932, vstest.console.dll, TestRunRequest:SendTestRunMessage: Starting.
TpTrace Verbose: 0 : 28340, 13, 2023/03/09, 20:42:49.766, 2184764464679, vstest.console.dll, MulticastDelegateUtilities.SafeInvoke: TestRun.LogMessages: Invoking callback 1/1 for Microsoft.VisualStudio.TestPlatform.CommandLine.TestRunResultAggregator., took 0 ms.
TpTrace Information: 0 : 28340, 13, 2023/03/09, 20:42:49.766, 2184764465310, vstest.console.dll, TestRunRequest:SendTestRunMessage: Completed.
TpTrace Verbose: 0 : 28340, 13, 2023/03/09, 20:42:49.766, 2184764465561, vstest.console.dll, MulticastDelegateUtilities.SafeInvoke: LengthPrefixCommunicationChannel: MessageReceived: Invoking callback 1/1 for Microsoft.VisualStudio.TestPlatform.CommunicationUtilities.TestRequestSender+<>c__DisplayClass31_0., took 0 ms.
TpTrace Verbose: 0 : 28340, 13, 2023/03/09, 20:42:49.766, 2184764465842, vstest.console.dll, TcpClientExtensions.MessageLoopAsync: Polling on remoteEndPoint: 127.0.0.1:51353 localEndPoint: 127.0.0.1:51352
TpTrace Verbose: 0 : 28340, 4, 2023/03/09, 20:42:49.766, 2184764466070, vstest.console.dll, MulticastDelegateUtilities.SafeInvoke: InternalTestLoggerEvents.SendTestRunMessage: Invoking callback 1/1 for Microsoft.VisualStudio.TestPlatform.CommandLine.Internal.ConsoleLogger., took 0 ms.
TpTrace Verbose: 0 : 28340, 13, 2023/03/09, 20:42:49.768, 2184764490148, vstest.console.dll, TcpClientExtensions.MessageLoopAsync: NotifyDataAvailable remoteEndPoint: 127.0.0.1:51353 localEndPoint: 127.0.0.1:51352
TpTrace Verbose: 0 : 28340, 13, 2023/03/09, 20:42:49.768, 2184764491155, vstest.console.dll, TestRequestSender.OnExecutionMessageReceived: Received message: {"Version":7,"MessageType":"TestSession.Message","Payload":{"MessageLevel":1,"Message":"Resultado é 0\r\n"}}
TpTrace Verbose: 0 : 28340, 13, 2023/03/09, 20:42:49.768, 2184764492216, vstest.console.dll, TestRunRequest:SendTestRunMessage: Starting.
TpTrace Verbose: 0 : 28340, 13, 2023/03/09, 20:42:49.768, 2184764492750, vstest.console.dll, MulticastDelegateUtilities.SafeInvoke: TestRun.LogMessages: Invoking callback 1/1 for Microsoft.VisualStudio.TestPlatform.CommandLine.TestRunResultAggregator., took 0 ms.
TpTrace Information: 0 : 28340, 13, 2023/03/09, 20:42:49.768, 2184764493357, vstest.console.dll, TestRunRequest:SendTestRunMessage: Completed.
TpTrace Verbose: 0 : 28340, 13, 2023/03/09, 20:42:49.768, 2184764493618, vstest.console.dll, MulticastDelegateUtilities.SafeInvoke: LengthPrefixCommunicationChannel: MessageReceived: Invoking callback 1/1 for Microsoft.VisualStudio.TestPlatform.CommunicationUtilities.TestRequestSender+<>c__DisplayClass31_0., took 0 ms.
TpTrace Verbose: 0 : 28340, 13, 2023/03/09, 20:42:49.768, 2184764493906, vstest.console.dll, TcpClientExtensions.MessageLoopAsync: Polling on remoteEndPoint: 127.0.0.1:51353 localEndPoint: 127.0.0.1:51352
TpTrace Verbose: 0 : 28340, 4, 2023/03/09, 20:42:49.768, 2184764493925, vstest.console.dll, MulticastDelegateUtilities.SafeInvoke: InternalTestLoggerEvents.SendTestRunMessage: Invoking callback 1/1 for Microsoft.VisualStudio.TestPlatform.CommandLine.Internal.ConsoleLogger., took 0 ms.
TpTrace Verbose: 0 : 28340, 13, 2023/03/09, 20:42:49.772, 2184764532531, vstest.console.dll, TcpClientExtensions.MessageLoopAsync: NotifyDataAvailable remoteEndPoint: 127.0.0.1:51353 localEndPoint: 127.0.0.1:51352
TpTrace Verbose: 0 : 28340, 13, 2023/03/09, 20:42:49.772, 2184764533904, vstest.console.dll, TestRequestSender.OnExecutionMessageReceived: Received message: {"Version":7,"MessageType":"TestSession.Message","Payload":{"MessageLevel":1,"Message":"Resultado é 0\r\n"}}
TpTrace Verbose: 0 : 28340, 13, 2023/03/09, 20:42:49.773, 2184764534952, vstest.console.dll, TestRunRequest:SendTestRunMessage: Starting.
TpTrace Verbose: 0 : 28340, 13, 2023/03/09, 20:42:49.773, 2184764535516, vstest.console.dll, MulticastDelegateUtilities.SafeInvoke: TestRun.LogMessages: Invoking callback 1/1 for Microsoft.VisualStudio.TestPlatform.CommandLine.TestRunResultAggregator., took 0 ms.
TpTrace Information: 0 : 28340, 13, 2023/03/09, 20:42:49.773, 2184764535779, vstest.console.dll, TestRunRequest:SendTestRunMessage: Completed.
TpTrace Verbose: 0 : 28340, 13, 2023/03/09, 20:42:49.773, 2184764536091, vstest.console.dll, MulticastDelegateUtilities.SafeInvoke: LengthPrefixCommunicationChannel: MessageReceived: Invoking callback 1/1 for Microsoft.VisualStudio.TestPlatform.CommunicationUtilities.TestRequestSender+<>c__DisplayClass31_0., took 0 ms.
TpTrace Verbose: 0 : 28340, 4, 2023/03/09, 20:42:49.773, 2184764536242, vstest.console.dll, MulticastDelegateUtilities.SafeInvoke: InternalTestLoggerEvents.SendTestRunMessage: Invoking callback 1/1 for Microsoft.VisualStudio.TestPlatform.CommandLine.Internal.ConsoleLogger., took 0 ms.
TpTrace Verbose: 0 : 28340, 13, 2023/03/09, 20:42:49.773, 2184764536512, vstest.console.dll, TcpClientExtensions.MessageLoopAsync: Polling on remoteEndPoint: 127.0.0.1:51353 localEndPoint: 127.0.0.1:51352
TpTrace Verbose: 0 : 28340, 13, 2023/03/09, 20:42:49.776, 2184764571817, vstest.console.dll, TcpClientExtensions.MessageLoopAsync: NotifyDataAvailable remoteEndPoint: 127.0.0.1:51353 localEndPoint: 127.0.0.1:51352
TpTrace Verbose: 0 : 28340, 13, 2023/03/09, 20:42:49.776, 2184764573317, vstest.console.dll, TestRequestSender.OnExecutionMessageReceived: Received message: {"Version":7,"MessageType":"TestSession.Message","Payload":{"MessageLevel":1,"Message":"Pressione Enter pra sair...\r\n"}}
TpTrace Verbose: 0 : 28340, 13, 2023/03/09, 20:42:49.776, 2184764574328, vstest.console.dll, TestRunRequest:SendTestRunMessage: Starting.
TpTrace Verbose: 0 : 28340, 13, 2023/03/09, 20:42:49.777, 2184764574860, vstest.console.dll, MulticastDelegateUtilities.SafeInvoke: TestRun.LogMessages: Invoking callback 1/1 for Microsoft.VisualStudio.TestPlatform.CommandLine.TestRunResultAggregator., took 0 ms.
TpTrace Information: 0 : 28340, 13, 2023/03/09, 20:42:49.777, 2184764575183, vstest.console.dll, TestRunRequest:SendTestRunMessage: Completed.
TpTrace Verbose: 0 : 28340, 13, 2023/03/09, 20:42:49.777, 2184764575555, vstest.console.dll, MulticastDelegateUtilities.SafeInvoke: LengthPrefixCommunicationChannel: MessageReceived: Invoking callback 1/1 for Microsoft.VisualStudio.TestPlatform.CommunicationUtilities.TestRequestSender+<>c__DisplayClass31_0., took 0 ms.
TpTrace Verbose: 0 : 28340, 13, 2023/03/09, 20:42:49.777, 2184764576014, vstest.console.dll, TcpClientExtensions.MessageLoopAsync: Polling on remoteEndPoint: 127.0.0.1:51353 localEndPoint: 127.0.0.1:51352
TpTrace Verbose: 0 : 28340, 4, 2023/03/09, 20:42:49.777, 2184764575737, vstest.console.dll, MulticastDelegateUtilities.SafeInvoke: InternalTestLoggerEvents.SendTestRunMessage: Invoking callback 1/1 for Microsoft.VisualStudio.TestPlatform.CommandLine.Internal.ConsoleLogger., took 0 ms.
TpTrace Verbose: 0 : 28340, 13, 2023/03/09, 20:42:49.814, 2184764952577, vstest.console.dll, TcpClientExtensions.MessageLoopAsync: NotifyDataAvailable remoteEndPoint: 127.0.0.1:51353 localEndPoint: 127.0.0.1:51352
TpTrace Verbose: 0 : 28340, 13, 2023/03/09, 20:42:49.815, 2184764955073, vstest.console.dll, TestRequestSender.OnExecutionMessageReceived: Received message: {"Version":7,"MessageType":"TestExecution.StatsChange","Payload":{"NewTestResults":[{"TestCase":{"Id":"d04dd551-ff49-9638-11ed-4d41d1ba5221","FullyQualifiedName":"TestNUnit.OpcoesSwitchTest.Opcao_DefaultExcessao(\"\")","DisplayName":"Opcao_DefaultExcessao(\"\")","ExecutorUri":"executor://NUnit3TestExecutor","Source":"C:\\_TestesGitHub1\\TestNUnit\\TestNUnit\\bin\\Debug\\net6.0\\fine-code-coverage\\build-output\\TestNUnit.dll","CodeFilePath":null,"LineNumber":0,"Properties":[{"Key":{"Id":"NUnit.Seed","Label":"Seed","Category":"","Description":"","Attributes":0,"ValueType":"System.String"},"Value":"226725611"}]},"Attachments":[],"Outcome":1,"ErrorMessage":null,"ErrorStackTrace":null,"DisplayName":"Opcao_DefaultExcessao(\"\")","Messages":[],"ComputerName":"LAPTOP-HAUPURS4","Duration":"00:00:00.3934000","StartTime":"2023-03-09T23:42:49.3251188+00:00","EndTime":"2023-03-09T23:42:49.7184394+00:00","Properties":[{"Key":{"Id":"NUnit.Seed","Label":"Seed","Category":"","Description":"","Attributes":0,"ValueType":"System.String"},"Value":"226725611"}]},{"TestCase":{"Id":"6a11a5ff-d9fd-0641-3f7f-6c6e0edbf343","FullyQualifiedName":"TestNUnit.OpcoesSwitchTest.Opcao_DefaultExcessao","DisplayName":"Opcao_DefaultExcessao","ExecutorUri":"executor://NUnit3TestExecutor","Source":"C:\\_TestesGitHub1\\TestNUnit\\TestNUnit\\bin\\Debug\\net6.0\\fine-code-coverage\\build-output\\TestNUnit.dll","CodeFilePath":null,"LineNumber":0,"Properties":[{"Key":{"Id":"NUnit.Seed","Label":"Seed","Category":"","Description":"","Attributes":0,"ValueType":"System.String"},"Value":"1591781939"}]},"Attachments":[],"Outcome":1,"ErrorMessage":null,"ErrorStackTrace":null,"DisplayName":"Opcao_DefaultExcessao","Messages":[],"ComputerName":"LAPTOP-HAUPURS4","Duration":"00:00:00.0027090","StartTime":"2023-03-09T23:42:49.7212376+00:00","EndTime":"2023-03-09T23:42:49.7239468+00:00","Properties":[{"Key":{"Id":"NUnit.Seed","Label":"Seed","Category":"","Description":"","Attributes":0,"ValueType":"System.String"},"Value":"1591781939"}]},{"TestCase":{"Id":"855a3607-62cf-8695-35e7-c4e48a8828da","FullyQualifiedName":"TestNUnit.OpcoesSwitchTest.Opcao_Valida","DisplayName":"Opcao_Valida","ExecutorUri":"executor://NUnit3TestExecutor","Source":"C:\\_TestesGitHub1\\TestNUnit\\TestNUnit\\bin\\Debug\\net6.0\\fine-code-coverage\\build-output\\TestNUnit.dll","CodeFilePath":null,"LineNumber":0,"Properties":[{"Key":{"Id":"NUnit.Seed","Label":"Seed","Category":"","Description":"","Attributes":0,"ValueType":"System.String"},"Value":"796159754"}]},"Attachments":[],"Outcome":1,"ErrorMessage":null,"ErrorStackTrace":null,"DisplayName":"Opcao_Valida","Messages":[{"Category":"StdOutMsgs","Text":"Resultado é 0\r\n"}],"ComputerName":"LAPTOP-HAUPURS4","Duration":"00:00:00.0056290","StartTime":"2023-03-09T23:42:49.7239667+00:00","EndTime":"2023-03-09T23:42:49.7295953+00:00","Properties":[{"Key":{"Id":"NUnit.Seed","Label":"Seed","Category":"","Description":"","Attributes":0,"ValueType":"System.String"},"Value":"796159754"}]},{"TestCase":{"Id":"8bb29021-8567-a3b7-a24b-f57edde4af25","FullyQualifiedName":"TestNUnit.OpcoesSwitchTest.Opcoes_Validas(\"1\")","DisplayName":"Opcoes_Validas(\"1\")","ExecutorUri":"executor://NUnit3TestExecutor","Source":"C:\\_TestesGitHub1\\TestNUnit\\TestNUnit\\bin\\Debug\\net6.0\\fine-code-coverage\\build-output\\TestNUnit.dll","CodeFilePath":null,"LineNumber":0,"Properties":[{"Key":{"Id":"NUnit.Seed","Label":"Seed","Category":"","Description":"","Attributes":0,"ValueType":"System.String"},"Value":"708841780"}]},"Attachments":[],"Outcome":1,"ErrorMessage":null,"ErrorStackTrace":null,"DisplayName":"Opcoes_Validas(\"1\")","Messages":[{"Category":"StdOutMsgs","Text":"Resultado é 0\r\n"}],"ComputerName":"LAPTOP-HAUPURS4","Duration":"00:00:00.0011329","StartTime":"2023-03-09T23:42:49.7296389+00:00","EndTime":"2023-03-09T23:42:49.7307721+00:00","Properties":[{"Key":{"Id":"NUnit.Seed","Label":"Seed","Category":"","Description":"","Attributes":0,"ValueType":"System.String"},"Value":"708841780"}]},{"TestCase":{"Id":"59ba4f8b-7ee0-c21d-31bb-ba9768a28ce8","FullyQualifiedName":"TestNUnit.OpcoesSwitchTest.Opcoes_Validas(\"2\")","DisplayName":"Opcoes_Validas(\"2\")","ExecutorUri":"executor://NUnit3TestExecutor","Source":"C:\\_TestesGitHub1\\TestNUnit\\TestNUnit\\bin\\Debug\\net6.0\\fine-code-coverage\\build-output\\TestNUnit.dll","CodeFilePath":null,"LineNumber":0,"Properties":[{"Key":{"Id":"NUnit.Seed","Label":"Seed","Category":"","Description":"","Attributes":0,"ValueType":"System.String"},"Value":"726483627"}]},"Attachments":[],"Outcome":1,"ErrorMessage":null,"ErrorStackTrace":null,"DisplayName":"Opcoes_Validas(\"2\")","Messages":[{"Category":"StdOutMsgs","Text":"Resultado é 0\r\n"}],"ComputerName":"LAPTOP-HAUPURS4","Duration":"00:00:00.0001190","StartTime":"2023-03-09T23:42:49.7307918+00:00","EndTime":"2023-03-09T23:42:49.7309102+00:00","Properties":[{"Key":{"Id":"NUnit.Seed","Label":"Seed","Category":"","Description":"","Attributes":0,"ValueType":"System.String"},"Value":"726483627"}]},{"TestCase":{"Id":"eefb983b-0785-3155-3673-6e346f7e26a6","FullyQualifiedName":"TestNUnit.OpcoesSwitchTest.Opcoes_Validas(\"3\")","DisplayName":"Opcoes_Validas(\"3\")","ExecutorUri":"executor://NUnit3TestExecutor","Source":"C:\\_TestesGitHub1\\TestNUnit\\TestNUnit\\bin\\Debug\\net6.0\\fine-code-coverage\\build-output\\TestNUnit.dll","CodeFilePath":null,"LineNumber":0,"Properties":[{"Key":{"Id":"NUnit.Seed","Label":"Seed","Category":"","Description":"","Attributes":0,"ValueType":"System.String"},"Value":"1168913580"}]},"Attachments":[],"Outcome":1,"ErrorMessage":null,"ErrorStackTrace":null,"DisplayName":"Opcoes_Validas(\"3\")","Messages":[{"Category":"StdOutMsgs","Text":"Resultado é 0\r\n"}],"ComputerName":"LAPTOP-HAUPURS4","Duration":"00:00:00.0002170","StartTime":"2023-03-09T23:42:49.7309201+00:00","EndTime":"2023-03-09T23:42:49.7311369+00:00","Properties":[{"Key":{"Id":"NUnit.Seed","Label":"Seed","Category":"","Description":"","Attributes":0,"ValueType":"System.String"},"Value":"1168913580"}]},{"TestCase":{"Id":"7ac6b8ab-9138-afb1-f070-7e53eec62bdd","FullyQualifiedName":"TestNUnit.OpcoesSwitchTest.Opcoes_Validas(\"4\")","DisplayName":"Opcoes_Validas(\"4\")","ExecutorUri":"executor://NUnit3TestExecutor","Source":"C:\\_TestesGitHub1\\TestNUnit\\TestNUnit\\bin\\Debug\\net6.0\\fine-code-coverage\\build-output\\TestNUnit.dll","CodeFilePath":null,"LineNumber":0,"Properties":[{"Key":{"Id":"NUnit.Seed","Label":"Seed","Category":"","Description":"","Attributes":0,"ValueType":"System.String"},"Value":"1217139737"}]},"Attachments":[],"Outcome":1,"ErrorMessage":null,"ErrorStackTrace":null,"DisplayName":"Opcoes_Validas(\"4\")","Messages":[{"Category":"StdOutMsgs","Text":"Resultado é 0\r\n"}],"ComputerName":"LAPTOP-HAUPURS4","Duration":"00:00:00.0001490","StartTime":"2023-03-09T23:42:49.731159+00:00","EndTime":"2023-03-09T23:42:49.7313076+00:00","Properties":[{"Key":{"Id":"NUnit.Seed","Label":"Seed","Category":"","Description":"","Attributes":0,"ValueType":"System.String"},"Value":"1217139737"}]},{"TestCase":{"Id":"e559545c-d9c5-9310-ee6f-609059eb96cb","FullyQualifiedName":"TestNUnit.OpcoesSwitchTest.Opcoes_Validas(\"5\")","DisplayName":"Opcoes_Validas(\"5\")","ExecutorUri":"executor://NUnit3TestExecutor","Source":"C:\\_TestesGitHub1\\TestNUnit\\TestNUnit\\bin\\Debug\\net6.0\\fine-code-coverage\\build-output\\TestNUnit.dll","CodeFilePath":null,"LineNumber":0,"Properties":[{"Key":{"Id":"NUnit.Seed","Label":"Seed","Category":"","Description":"","Attributes":0,"ValueType":"System.String"},"Value":"1814916290"}]},"Attachments":[],"Outcome":1,"ErrorMessage":null,"ErrorStackTrace":null,"DisplayName":"Opcoes_Validas(\"5\")","Messages":[{"Category":"StdOutMsgs","Text":"Resultado é 0\r\n"}],"ComputerName":"LAPTOP-HAUPURS4","Duration":"00:00:00.0001399","StartTime":"2023-03-09T23:42:49.7313172+00:00","EndTime":"2023-03-09T23:42:49.7314575+00:00","Properties":[{"Key":{"Id":"NUnit.Seed","Label":"Seed","Category":"","Description":"","Attributes":0,"ValueType":"System.String"},"Value":"1814916290"}]},{"TestCase":{"Id":"6eff6f9d-e481-f1ce-29bc-831670f1f893","FullyQualifiedName":"TestNUnit.OpcoesSwitchTest.Opcoes_Validas(\"6\")","DisplayName":"Opcoes_Validas(\"6\")","ExecutorUri":"executor://NUnit3TestExecutor","Source":"C:\\_TestesGitHub1\\TestNUnit\\TestNUnit\\bin\\Debug\\net6.0\\fine-code-coverage\\build-output\\TestNUnit.dll","CodeFilePath":null,"LineNumber":0,"Properties":[{"Key":{"Id":"NUnit.Seed","Label":"Seed","Category":"","Description":"","Attributes":0,"ValueType":"System.String"},"Value":"921472078"}]},"Attachments":[],"Outcome":1,"ErrorMessage":null,"ErrorStackTrace":null,"DisplayName":"Opcoes_Validas(\"6\")","Messages":[{"Category":"StdOutMsgs","Text":"Pressione Enter pra sair...\r\n"}],"ComputerName":"LAPTOP-HAUPURS4","Duration":"00:00:00.0000460","StartTime":"2023-03-09T23:42:49.7314658+00:00","EndTime":"2023-03-09T23:42:49.7315126+00:00","Properties":[{"Key":{"Id":"NUnit.Seed","Label":"Seed","Category":"","Description":"","Attributes":0,"ValueType":"System.String"},"Value":"921472078"}]}],"TestRunStatistics":{"ExecutedTests":9,"Stats":{"Passed":9}},"ActiveTests":[{"Id":"5bfbc75d-d2ba-0ed8-e23e-2bfe10f668dd","FullyQualifiedName":"TestNUnit.ServicoTest.Dividir_Sucesso","DisplayName":"Dividir_Sucesso","ExecutorUri":"executor://NUnit3TestExecutor","Source":"C:\\_TestesGitHub1\\TestNUnit\\TestNUnit\\bin\\Debug\\net6.0\\fine-code-coverage\\build-output\\TestNUnit.dll","CodeFilePath":null,"LineNumber":0,"Properties":[{"Key":{"Id":"NUnit.Seed","Label":"Seed","Category":"","Description":"","Attributes":0,"ValueType":"System.String"},"Value":"65663117"}]}]}}
TpTrace Verbose: 0 : 28340, 13, 2023/03/09, 20:42:49.846, 2184765270447, vstest.console.dll, TestRunRequest:SendTestRunStatsChange: Starting.
TpTrace Verbose: 0 : 28340, 13, 2023/03/09, 20:42:49.846, 2184765273425, vstest.console.dll, InProgress is Dividir_Sucesso
TpTrace Verbose: 0 : 28340, 13, 2023/03/09, 20:42:49.847, 2184765278071, vstest.console.dll, MulticastDelegateUtilities.SafeInvoke: TestRun.RunStatsChanged: Invoking callbacks was skipped because there are no subscribers.
TpTrace Information: 0 : 28340, 13, 2023/03/09, 20:42:49.847, 2184765278752, vstest.console.dll, TestRunRequest:SendTestRunStatsChange: Completed.
TpTrace Verbose: 0 : 28340, 13, 2023/03/09, 20:42:49.847, 2184765279350, vstest.console.dll, MulticastDelegateUtilities.SafeInvoke: LengthPrefixCommunicationChannel: MessageReceived: Invoking callback 1/1 for Microsoft.VisualStudio.TestPlatform.CommunicationUtilities.TestRequestSender+<>c__DisplayClass31_0., took 32 ms.
TpTrace Verbose: 0 : 28340, 13, 2023/03/09, 20:42:49.847, 2184765279828, vstest.console.dll, TcpClientExtensions.MessageLoopAsync: Polling on remoteEndPoint: 127.0.0.1:51353 localEndPoint: 127.0.0.1:51352
TpTrace Verbose: 0 : 28340, 13, 2023/03/09, 20:42:49.847, 2184765280417, vstest.console.dll, TcpClientExtensions.MessageLoopAsync: NotifyDataAvailable remoteEndPoint: 127.0.0.1:51353 localEndPoint: 127.0.0.1:51352
TpTrace Verbose: 0 : 28340, 13, 2023/03/09, 20:42:49.847, 2184765281260, vstest.console.dll, TestRequestSender.OnExecutionMessageReceived: Received message: {"Version":7,"MessageType":"TestSession.Message","Payload":{"MessageLevel":0,"Message":"Test1: Em desenvolvimento"}}
TpTrace Verbose: 0 : 28340, 13, 2023/03/09, 20:42:49.847, 2184765282472, vstest.console.dll, TestRunRequest:SendTestRunMessage: Starting.
TpTrace Verbose: 0 : 28340, 13, 2023/03/09, 20:42:49.847, 2184765283368, vstest.console.dll, MulticastDelegateUtilities.SafeInvoke: TestRun.LogMessages: Invoking callback 1/1 for Microsoft.VisualStudio.TestPlatform.CommandLine.TestRunResultAggregator., took 0 ms.
TpTrace Information: 0 : 28340, 13, 2023/03/09, 20:42:49.847, 2184765283750, vstest.console.dll, TestRunRequest:SendTestRunMessage: Completed.
TpTrace Verbose: 0 : 28340, 13, 2023/03/09, 20:42:49.847, 2184765284137, vstest.console.dll, MulticastDelegateUtilities.SafeInvoke: LengthPrefixCommunicationChannel: MessageReceived: Invoking callback 1/1 for Microsoft.VisualStudio.TestPlatform.CommunicationUtilities.TestRequestSender+<>c__DisplayClass31_0., took 0 ms.
TpTrace Verbose: 0 : 28340, 13, 2023/03/09, 20:42:49.848, 2184765284685, vstest.console.dll, TcpClientExtensions.MessageLoopAsync: Polling on remoteEndPoint: 127.0.0.1:51353 localEndPoint: 127.0.0.1:51352
TpTrace Verbose: 0 : 28340, 13, 2023/03/09, 20:42:49.848, 2184765285124, vstest.console.dll, TcpClientExtensions.MessageLoopAsync: NotifyDataAvailable remoteEndPoint: 127.0.0.1:51353 localEndPoint: 127.0.0.1:51352
TpTrace Verbose: 0 : 28340, 13, 2023/03/09, 20:42:49.848, 2184765285761, vstest.console.dll, TestRequestSender.OnExecutionMessageReceived: Received message: {"Version":7,"MessageType":"TestSession.Message","Payload":{"MessageLevel":0,"Message":"NUnit Adapter 4.2.0.0: Test execution complete"}}
TpTrace Verbose: 0 : 28340, 13, 2023/03/09, 20:42:49.848, 2184765286837, vstest.console.dll, TestRunRequest:SendTestRunMessage: Starting.
TpTrace Verbose: 0 : 28340, 13, 2023/03/09, 20:42:49.848, 2184765287467, vstest.console.dll, MulticastDelegateUtilities.SafeInvoke: TestRun.LogMessages: Invoking callback 1/1 for Microsoft.VisualStudio.TestPlatform.CommandLine.TestRunResultAggregator., took 0 ms.
TpTrace Information: 0 : 28340, 13, 2023/03/09, 20:42:49.848, 2184765287855, vstest.console.dll, TestRunRequest:SendTestRunMessage: Completed.
TpTrace Verbose: 0 : 28340, 13, 2023/03/09, 20:42:49.848, 2184765288250, vstest.console.dll, MulticastDelegateUtilities.SafeInvoke: LengthPrefixCommunicationChannel: MessageReceived: Invoking callback 1/1 for Microsoft.VisualStudio.TestPlatform.CommunicationUtilities.TestRequestSender+<>c__DisplayClass31_0., took 0 ms.
TpTrace Verbose: 0 : 28340, 13, 2023/03/09, 20:42:49.848, 2184765288636, vstest.console.dll, TcpClientExtensions.MessageLoopAsync: Polling on remoteEndPoint: 127.0.0.1:51353 localEndPoint: 127.0.0.1:51352
TpTrace Verbose: 0 : 28340, 4, 2023/03/09, 20:42:49.849, 2184765300504, vstest.console.dll, MulticastDelegateUtilities.SafeInvoke: InternalTestLoggerEvents.SendTestResult: Invoking callback 1/1 for Microsoft.VisualStudio.TestPlatform.CommandLine.Internal.ConsoleLogger., took 2 ms.
TpTrace Verbose: 0 : 28340, 4, 2023/03/09, 20:42:49.849, 2184765303453, vstest.console.dll, MulticastDelegateUtilities.SafeInvoke: InternalTestLoggerEvents.SendTestResult: Invoking callback 1/1 for Microsoft.VisualStudio.TestPlatform.CommandLine.Internal.ConsoleLogger., took 0 ms.
TpTrace Verbose: 0 : 28340, 4, 2023/03/09, 20:42:49.849, 2184765304322, vstest.console.dll, MulticastDelegateUtilities.SafeInvoke: InternalTestLoggerEvents.SendTestResult: Invoking callback 1/1 for Microsoft.VisualStudio.TestPlatform.CommandLine.Internal.ConsoleLogger., took 0 ms.
TpTrace Verbose: 0 : 28340, 4, 2023/03/09, 20:42:49.850, 2184765304877, vstest.console.dll, MulticastDelegateUtilities.SafeInvoke: InternalTestLoggerEvents.SendTestResult: Invoking callback 1/1 for Microsoft.VisualStudio.TestPlatform.CommandLine.Internal.ConsoleLogger., took 0 ms.
TpTrace Verbose: 0 : 28340, 4, 2023/03/09, 20:42:49.850, 2184765305235, vstest.console.dll, MulticastDelegateUtilities.SafeInvoke: InternalTestLoggerEvents.SendTestResult: Invoking callback 1/1 for Microsoft.VisualStudio.TestPlatform.CommandLine.Internal.ConsoleLogger., took 0 ms.
TpTrace Verbose: 0 : 28340, 4, 2023/03/09, 20:42:49.850, 2184765305647, vstest.console.dll, MulticastDelegateUtilities.SafeInvoke: InternalTestLoggerEvents.SendTestResult: Invoking callback 1/1 for Microsoft.VisualStudio.TestPlatform.CommandLine.Internal.ConsoleLogger., took 0 ms.
TpTrace Verbose: 0 : 28340, 4, 2023/03/09, 20:42:49.850, 2184765306020, vstest.console.dll, MulticastDelegateUtilities.SafeInvoke: InternalTestLoggerEvents.SendTestResult: Invoking callback 1/1 for Microsoft.VisualStudio.TestPlatform.CommandLine.Internal.ConsoleLogger., took 0 ms.
TpTrace Verbose: 0 : 28340, 4, 2023/03/09, 20:42:49.850, 2184765306373, vstest.console.dll, MulticastDelegateUtilities.SafeInvoke: InternalTestLoggerEvents.SendTestResult: Invoking callback 1/1 for Microsoft.VisualStudio.TestPlatform.CommandLine.Internal.ConsoleLogger., took 0 ms.
TpTrace Verbose: 0 : 28340, 4, 2023/03/09, 20:42:49.850, 2184765306712, vstest.console.dll, MulticastDelegateUtilities.SafeInvoke: InternalTestLoggerEvents.SendTestResult: Invoking callback 1/1 for Microsoft.VisualStudio.TestPlatform.CommandLine.Internal.ConsoleLogger., took 0 ms.
TpTrace Verbose: 0 : 28340, 4, 2023/03/09, 20:42:49.850, 2184765307016, vstest.console.dll, MulticastDelegateUtilities.SafeInvoke: InternalTestLoggerEvents.SendTestRunMessage: Invoking callback 1/1 for Microsoft.VisualStudio.TestPlatform.CommandLine.Internal.ConsoleLogger., took 0 ms.
TpTrace Verbose: 0 : 28340, 4, 2023/03/09, 20:42:49.850, 2184765307298, vstest.console.dll, MulticastDelegateUtilities.SafeInvoke: InternalTestLoggerEvents.SendTestRunMessage: Invoking callback 1/1 for Microsoft.VisualStudio.TestPlatform.CommandLine.Internal.ConsoleLogger., took 0 ms.
TpTrace Verbose: 0 : 28340, 13, 2023/03/09, 20:42:49.868, 2184765490967, vstest.console.dll, TcpClientExtensions.MessageLoopAsync: NotifyDataAvailable remoteEndPoint: 127.0.0.1:51353 localEndPoint: 127.0.0.1:51352
TpTrace Verbose: 0 : 28340, 13, 2023/03/09, 20:42:49.868, 2184765493364, vstest.console.dll, TestRequestSender.OnExecutionMessageReceived: Received message: {"Version":7,"MessageType":"TestExecution.Completed","Payload":{"TestRunCompleteArgs":{"TestRunStatistics":{"ExecutedTests":15,"Stats":{"Passed":14,"Skipped":1}},"IsCanceled":false,"IsAborted":false,"Error":null,"AttachmentSets":[],"InvokedDataCollectors":[],"ElapsedTimeInRunningTests":"00:00:01.0187019","Metrics":{},"DiscoveredExtensions":{"TestDiscoverers":["NUnit.VisualStudio.TestAdapter.NUnit3TestDiscoverer, NUnit3.TestAdapter, Version=4.2.0.0, Culture=neutral, PublicKeyToken=4cb40d35494691ac"],"TestExecutors":["executor://NUnit3TestExecutor"],"TestExecutors2":[],"TestSettingsProviders":[]}},"LastRunTests":{"NewTestResults":[{"TestCase":{"Id":"5bfbc75d-d2ba-0ed8-e23e-2bfe10f668dd","FullyQualifiedName":"TestNUnit.ServicoTest.Dividir_Sucesso","DisplayName":"Dividir_Sucesso","ExecutorUri":"executor://NUnit3TestExecutor","Source":"C:\\_TestesGitHub1\\TestNUnit\\TestNUnit\\bin\\Debug\\net6.0\\fine-code-coverage\\build-output\\TestNUnit.dll","CodeFilePath":null,"LineNumber":0,"Properties":[{"Key":{"Id":"NUnit.Seed","Label":"Seed","Category":"","Description":"","Attributes":0,"ValueType":"System.String"},"Value":"65663117"}]},"Attachments":[],"Outcome":1,"ErrorMessage":null,"ErrorStackTrace":null,"DisplayName":"Dividir_Sucesso","Messages":[],"ComputerName":"LAPTOP-HAUPURS4","Duration":"00:00:00.0114290","StartTime":"2023-03-09T23:42:49.7324513+00:00","EndTime":"2023-03-09T23:42:49.7438798+00:00","Properties":[{"Key":{"Id":"NUnit.Seed","Label":"Seed","Category":"","Description":"","Attributes":0,"ValueType":"System.String"},"Value":"65663117"}]},{"TestCase":{"Id":"e6e18da5-d396-3920-1fbd-656d7aba8225","FullyQualifiedName":"TestNUnit.ServicoTest.Media_Sucesso","DisplayName":"Media_Sucesso","ExecutorUri":"executor://NUnit3TestExecutor","Source":"C:\\_TestesGitHub1\\TestNUnit\\TestNUnit\\bin\\Debug\\net6.0\\fine-code-coverage\\build-output\\TestNUnit.dll","CodeFilePath":null,"LineNumber":0,"Properties":[{"Key":{"Id":"NUnit.Seed","Label":"Seed","Category":"","Description":"","Attributes":0,"ValueType":"System.String"},"Value":"82383018"}]},"Attachments":[],"Outcome":1,"ErrorMessage":null,"ErrorStackTrace":null,"DisplayName":"Media_Sucesso","Messages":[],"ComputerName":"LAPTOP-HAUPURS4","Duration":"00:00:00.0003810","StartTime":"2023-03-09T23:42:49.743902+00:00","EndTime":"2023-03-09T23:42:49.7442827+00:00","Properties":[{"Key":{"Id":"NUnit.Seed","Label":"Seed","Category":"","Description":"","Attributes":0,"ValueType":"System.String"},"Value":"82383018"}]},{"TestCase":{"Id":"a2a2150b-c0a8-9224-860d-befb38c7cf71","FullyQualifiedName":"TestNUnit.ServicoTest.Multiplicar_Sucesso","DisplayName":"Multiplicar_Sucesso","ExecutorUri":"executor://NUnit3TestExecutor","Source":"C:\\_TestesGitHub1\\TestNUnit\\TestNUnit\\bin\\Debug\\net6.0\\fine-code-coverage\\build-output\\TestNUnit.dll","CodeFilePath":null,"LineNumber":0,"Properties":[{"Key":{"Id":"NUnit.Seed","Label":"Seed","Category":"","Description":"","Attributes":0,"ValueType":"System.String"},"Value":"1981577969"}]},"Attachments":[],"Outcome":1,"ErrorMessage":null,"ErrorStackTrace":null,"DisplayName":"Multiplicar_Sucesso","Messages":[],"ComputerName":"LAPTOP-HAUPURS4","Duration":"00:00:00.0002010","StartTime":"2023-03-09T23:42:49.7442919+00:00","EndTime":"2023-03-09T23:42:49.7444927+00:00","Properties":[{"Key":{"Id":"NUnit.Seed","Label":"Seed","Category":"","Description":"","Attributes":0,"ValueType":"System.String"},"Value":"1981577969"}]},{"TestCase":{"Id":"fa9bca63-a006-e2cd-2111-3c9bfb3c8984","FullyQualifiedName":"TestNUnit.ServicoTest.Soma_Sucesso","DisplayName":"Soma_Sucesso","ExecutorUri":"executor://NUnit3TestExecutor","Source":"C:\\_TestesGitHub1\\TestNUnit\\TestNUnit\\bin\\Debug\\net6.0\\fine-code-coverage\\build-output\\TestNUnit.dll","CodeFilePath":null,"LineNumber":0,"Properties":[{"Key":{"Id":"NUnit.Seed","Label":"Seed","Category":"","Description":"","Attributes":0,"ValueType":"System.String"},"Value":"846186194"}]},"Attachments":[],"Outcome":1,"ErrorMessage":null,"ErrorStackTrace":null,"DisplayName":"Soma_Sucesso","Messages":[],"ComputerName":"LAPTOP-HAUPURS4","Duration":"00:00:00.0001830","StartTime":"2023-03-09T23:42:49.7445027+00:00","EndTime":"2023-03-09T23:42:49.7446858+00:00","Properties":[{"Key":{"Id":"NUnit.Seed","Label":"Seed","Category":"","Description":"","Attributes":0,"ValueType":"System.String"},"Value":"846186194"}]},{"TestCase":{"Id":"c9948299-c77f-be5a-9538-82b79d0b69bc","FullyQualifiedName":"TestNUnit.ServicoTest.Subtrair_Sucesso","DisplayName":"Subtrair_Sucesso","ExecutorUri":"executor://NUnit3TestExecutor","Source":"C:\\_TestesGitHub1\\TestNUnit\\TestNUnit\\bin\\Debug\\net6.0\\fine-code-coverage\\build-output\\TestNUnit.dll","CodeFilePath":null,"LineNumber":0,"Properties":[{"Key":{"Id":"NUnit.Seed","Label":"Seed","Category":"","Description":"","Attributes":0,"ValueType":"System.String"},"Value":"931959174"}]},"Attachments":[],"Outcome":1,"ErrorMessage":null,"ErrorStackTrace":null,"DisplayName":"Subtrair_Sucesso","Messages":[],"ComputerName":"LAPTOP-HAUPURS4","Duration":"00:00:00.0001640","StartTime":"2023-03-09T23:42:49.7446938+00:00","EndTime":"2023-03-09T23:42:49.7448574+00:00","Properties":[{"Key":{"Id":"NUnit.Seed","Label":"Seed","Category":"","Description":"","Attributes":0,"ValueType":"System.String"},"Value":"931959174"}]},{"TestCase":{"Id":"35810347-c263-f07a-40a6-e5089e3f87b5","FullyQualifiedName":"TestNUnit.Tests.Test1","DisplayName":"Test1","ExecutorUri":"executor://NUnit3TestExecutor","Source":"C:\\_TestesGitHub1\\TestNUnit\\TestNUnit\\bin\\Debug\\net6.0\\fine-code-coverage\\build-output\\TestNUnit.dll","CodeFilePath":null,"LineNumber":0,"Properties":[{"Key":{"Id":"NUnit.Seed","Label":"Seed","Category":"","Description":"","Attributes":0,"ValueType":"System.String"},"Value":"654247310"}]},"Attachments":[],"Outcome":3,"ErrorMessage":"Em desenvolvimento","ErrorStackTrace":null,"DisplayName":"Test1","Messages":[{"Category":"StdOutMsgs","Text":"Em desenvolvimento"}],"ComputerName":"LAPTOP-HAUPURS4","Duration":"00:00:00.0003460","StartTime":"2023-03-09T23:42:49.744977+00:00","EndTime":"2023-03-09T23:42:49.7453234+00:00","Properties":[{"Key":{"Id":"NUnit.Seed","Label":"Seed","Category":"","Description":"","Attributes":0,"ValueType":"System.String"},"Value":"654247310"}]}],"TestRunStatistics":{"ExecutedTests":15,"Stats":{"Passed":14,"Skipped":1}},"ActiveTests":[]},"RunAttachments":[],"ExecutorUris":["executor://nunit3testexecutor/"]}}
TpTrace Verbose: 0 : 28340, 13, 2023/03/09, 20:42:49.869, 2184765495219, vstest.console.dll, TestRequestSender.EndSession: Sending end session.
TpTrace Verbose: 0 : 28340, 13, 2023/03/09, 20:42:49.869, 2184765497376, vstest.console.dll, ProxyOperationManager.Close: waiting for test host to exit for 100 ms
TpTrace Warning: 0 : 28340, 10, 2023/03/09, 20:42:49.894, 2184765754035, vstest.console.dll, TestHostManagerCallbacks.ErrorReceivedCallback Test host standard error line: 
TpTrace Verbose: 0 : 28340, 10, 2023/03/09, 20:42:49.902, 2184765834170, vstest.console.dll, TestHostProvider.ExitCallBack: Host exited starting callback.
TpTrace Information: 0 : 28340, 10, 2023/03/09, 20:42:49.903, 2184765836297, vstest.console.dll, TestHostManagerCallbacks.ExitCallBack: Testhost processId: 23876 exited with exitcode: 0 error: ''
TpTrace Verbose: 0 : 28340, 10, 2023/03/09, 20:42:49.903, 2184765836745, vstest.console.dll, DotnetTestHostManager.OnHostExited: invoking OnHostExited callback
TpTrace Verbose: 0 : 28340, 10, 2023/03/09, 20:42:49.903, 2184765837220, vstest.console.dll, CrossPlatEngine.TestHostManagerHostExited: calling on client process exit callback.
TpTrace Information: 0 : 28340, 10, 2023/03/09, 20:42:49.903, 2184765837713, vstest.console.dll, TestRequestSender.OnClientProcessExit: Test host process exited. Standard error: 
TpTrace Information: 0 : 28340, 10, 2023/03/09, 20:42:49.903, 2184765838094, vstest.console.dll, SocketServer.Stop: Stop server endPoint: 127.0.0.1:51352
TpTrace Information: 0 : 28340, 10, 2023/03/09, 20:42:49.903, 2184765838348, vstest.console.dll, SocketServer.Stop: Cancellation requested. Stopping message loop.
TpTrace Information: 0 : 28340, 13, 2023/03/09, 20:42:49.903, 2184765838601, vstest.console.dll, SocketServer.Stop: Stop server endPoint: 127.0.0.1:51352
TpTrace Information: 0 : 28340, 13, 2023/03/09, 20:42:49.903, 2184765839151, vstest.console.dll, SocketServer.Stop: Cancellation requested. Stopping message loop.
TpTrace Verbose: 0 : 28340, 10, 2023/03/09, 20:42:49.903, 2184765839175, vstest.console.dll, MulticastDelegateUtilities.SafeInvoke: HostProviderEvents.OnHostExited: Invoking callback 1/1 for Microsoft.VisualStudio.TestPlatform.CrossPlatEngine.Client.ProxyOperationManager., took 0 ms.
TpTrace Information: 0 : 28340, 13, 2023/03/09, 20:42:49.903, 2184765839591, vstest.console.dll, Closing the connection
TpTrace Verbose: 0 : 28340, 13, 2023/03/09, 20:42:49.903, 2184765841935, vstest.console.dll, ProxyDataCollectionManager.InvokeDataCollectionServiceAction: Starting.
TpTrace Information: 0 : 28340, 13, 2023/03/09, 20:42:49.903, 2184765842359, vstest.console.dll, ProxyDataCollectionManager.AfterTestRunEnd: Get attachment set and invoked data collectors processId: 26492 port: 51349
TpTrace Verbose: 0 : 28340, 13, 2023/03/09, 20:42:49.903, 2184765842779, vstest.console.dll, DataCollectionRequestSender.SendAfterTestRunStartAndGetResult: Send AfterTestRunEnd message with isCancelled: False
TpTrace Verbose: 0 : 28340, 13, 2023/03/09, 20:42:49.912, 2184765928209, vstest.console.dll, DataCollectionRequestSender.SendAfterTestRunStartAndGetResult: Received message: (DataCollection.AfterTestRunEndResult) -> {"MessageType":"DataCollection.AfterTestRunEndResult","Payload":{"AttachmentSets":[],"InvokedDataCollectors":[{"Uri":"datacollector://Microsoft/TestPlatform/Extensions/Blame/v1","FriendlyName":"Blame","AssemblyQualifiedName":"Microsoft.TestPlatform.Extensions.BlameDataCollector.BlameCollector, Microsoft.TestPlatform.Extensions.BlameDataCollector, Version=15.0.0.0, Culture=neutral, PublicKeyToken=b03f5f7f11d50a3a","FilePath":"C:\\Program Files\\dotnet\\sdk\\7.0.102\\Extensions\\Microsoft.TestPlatform.Extensions.BlameDataCollector.dll","HasAttachmentProcessor":false}],"Metrics":{}}}
TpTrace Warning: 0 : 28340, 9, 2023/03/09, 20:42:49.919, 2184765997546, vstest.console.dll, DataCollectionLauncher.ErrorReceivedCallback datacollector standard error line: 
TpTrace Information: 0 : 28340, 13, 2023/03/09, 20:42:49.923, 2184766041150, vstest.console.dll, ProxyDataCollectionManager.InvokeDataCollectionServiceAction: Completed.
TpTrace Information: 0 : 28340, 9, 2023/03/09, 20:42:49.925, 2184766061460, vstest.console.dll, DataCollectionLauncher.ExitCallBack: Data collector exited with exitcode: 0 error: ''
TpTrace Verbose: 0 : 28340, 13, 2023/03/09, 20:42:49.964, 2184766446027, vstest.console.dll, TestRunRequest:SendTestRunStatsChange: Starting.
TpTrace Verbose: 0 : 28340, 13, 2023/03/09, 20:42:49.964, 2184766447474, vstest.console.dll, MulticastDelegateUtilities.SafeInvoke: TestRun.RunStatsChanged: Invoking callbacks was skipped because there are no subscribers.
TpTrace Information: 0 : 28340, 13, 2023/03/09, 20:42:49.964, 2184766447826, vstest.console.dll, TestRunRequest:SendTestRunStatsChange: Completed.
TpTrace Verbose: 0 : 28340, 4, 2023/03/09, 20:42:49.964, 2184766448202, vstest.console.dll, MulticastDelegateUtilities.SafeInvoke: InternalTestLoggerEvents.SendTestResult: Invoking callback 1/1 for Microsoft.VisualStudio.TestPlatform.CommandLine.Internal.ConsoleLogger., took 0 ms.
TpTrace Verbose: 0 : 28340, 4, 2023/03/09, 20:42:49.964, 2184766448951, vstest.console.dll, MulticastDelegateUtilities.SafeInvoke: InternalTestLoggerEvents.SendTestResult: Invoking callback 1/1 for Microsoft.VisualStudio.TestPlatform.CommandLine.Internal.ConsoleLogger., took 0 ms.
TpTrace Verbose: 0 : 28340, 4, 2023/03/09, 20:42:49.964, 2184766449453, vstest.console.dll, MulticastDelegateUtilities.SafeInvoke: InternalTestLoggerEvents.SendTestResult: Invoking callback 1/1 for Microsoft.VisualStudio.TestPlatform.CommandLine.Internal.ConsoleLogger., took 0 ms.
TpTrace Verbose: 0 : 28340, 4, 2023/03/09, 20:42:49.964, 2184766449871, vstest.console.dll, MulticastDelegateUtilities.SafeInvoke: InternalTestLoggerEvents.SendTestResult: Invoking callback 1/1 for Microsoft.VisualStudio.TestPlatform.CommandLine.Internal.ConsoleLogger., took 0 ms.
TpTrace Verbose: 0 : 28340, 13, 2023/03/09, 20:42:49.964, 2184766451866, vstest.console.dll, ParallelProxyExecutionManager: HandlePartialRunComplete: Total completed clients = 1, Run complete = True, Run canceled: False.
TpTrace Verbose: 0 : 28340, 4, 2023/03/09, 20:42:49.965, 2184766458441, vstest.console.dll, MulticastDelegateUtilities.SafeInvoke: InternalTestLoggerEvents.SendTestResult: Invoking callback 1/1 for Microsoft.VisualStudio.TestPlatform.CommandLine.Internal.ConsoleLogger., took 0 ms.
TpTrace Verbose: 0 : 28340, 4, 2023/03/09, 20:42:49.965, 2184766461174, vstest.console.dll, MulticastDelegateUtilities.SafeInvoke: InternalTestLoggerEvents.SendTestResult: Invoking callback 1/1 for Microsoft.VisualStudio.TestPlatform.CommandLine.Internal.ConsoleLogger., took 0 ms.
TpTrace Verbose: 0 : 28340, 4, 2023/03/09, 20:42:49.974, 2184766545185, vstest.console.dll, MulticastDelegateUtilities.SafeInvoke: InternalTestLoggerEvents.SendTestRunComplete: Invoking callback 1/2 for Microsoft.TestPlatform.Extensions.BlameDataCollector.BlameLogger., took 0 ms.
TpTrace Verbose: 0 : 28340, 4, 2023/03/09, 20:42:49.979, 2184766598552, vstest.console.dll, MulticastDelegateUtilities.SafeInvoke: InternalTestLoggerEvents.SendTestRunComplete: Invoking callback 2/2 for Microsoft.VisualStudio.TestPlatform.CommandLine.Internal.ConsoleLogger., took 5 ms.
TpTrace Verbose: 0 : 28340, 13, 2023/03/09, 20:42:49.979, 2184766603502, vstest.console.dll, TestRunRequest:TestRunComplete: Starting. IsAborted:False IsCanceled:False.
TpTrace Verbose: 0 : 28340, 13, 2023/03/09, 20:42:49.981, 2184766622572, vstest.console.dll, TestLoggerManager.HandleTestRunComplete: Ignoring as the object is disposed.
TpTrace Verbose: 0 : 28340, 13, 2023/03/09, 20:42:49.982, 2184766625381, vstest.console.dll, MulticastDelegateUtilities.SafeInvoke: TestRun.TestRunComplete: Invoking callback 1/2 for Microsoft.VisualStudio.TestPlatform.CommandLine.TestRunResultAggregator., took 0 ms.
TpTrace Verbose: 0 : 28340, 13, 2023/03/09, 20:42:49.982, 2184766626856, vstest.console.dll, MulticastDelegateUtilities.SafeInvoke: TestRun.TestRunComplete: Invoking callback 2/2 for Microsoft.VisualStudio.TestPlatform.CommandLine.Processors.RunTestsArgumentExecutor+TestRunRequestEventsRegistrar., took 0 ms.
TpTrace Information: 0 : 28340, 13, 2023/03/09, 20:42:49.982, 2184766627817, vstest.console.dll, TestRunRequest:TestRunComplete: Completed.
TpTrace Verbose: 0 : 28340, 13, 2023/03/09, 20:42:49.982, 2184766628193, vstest.console.dll, TestRequestSender.SetOperationComplete: Setting operation complete.
TpTrace Information: 0 : 28340, 13, 2023/03/09, 20:42:49.982, 2184766628456, vstest.console.dll, SocketServer.Stop: Stop server endPoint: 127.0.0.1:51352
TpTrace Information: 0 : 28340, 13, 2023/03/09, 20:42:49.982, 2184766628722, vstest.console.dll, SocketServer.Stop: Cancellation requested. Stopping message loop.
TpTrace Verbose: 0 : 28340, 1, 2023/03/09, 20:42:49.982, 2184766629013, vstest.console.dll, TestRunRequest.Dispose: Starting.
TpTrace Verbose: 0 : 28340, 13, 2023/03/09, 20:42:49.982, 2184766629108, vstest.console.dll, MulticastDelegateUtilities.SafeInvoke: LengthPrefixCommunicationChannel: MessageReceived: Invoking callback 1/1 for Microsoft.VisualStudio.TestPlatform.CommunicationUtilities.TestRequestSender+<>c__DisplayClass31_0., took 113 ms.
TpTrace Information: 0 : 28340, 13, 2023/03/09, 20:42:49.982, 2184766630132, vstest.console.dll, SocketServer.PrivateStop: Stopping server endPoint: 127.0.0.1:51352 error: 
TpTrace Information: 0 : 28340, 1, 2023/03/09, 20:42:49.982, 2184766629722, vstest.console.dll, TestRunRequest.Dispose: Completed.
TpTrace Information: 0 : 28340, 1, 2023/03/09, 20:42:49.982, 2184766631400, vstest.console.dll, TestRequestManager.RunTests: run tests completed.
TpTrace Information: 0 : 28340, 1, 2023/03/09, 20:42:49.982, 2184766632626, vstest.console.dll, RunTestsArgumentProcessor:Execute: Test run is completed.
TpTrace Verbose: 0 : 28340, 1, 2023/03/09, 20:42:49.983, 2184766634649, vstest.console.dll, Executor.Execute: Exiting with exit code of 0
TpTrace Verbose: 0 : 28340, 13, 2023/03/09, 20:42:49.983, 2184766634864, vstest.console.dll, LengthPrefixCommunicationChannel.Dispose: Dispose reader and writer.
TpTrace Information: 0 : 28340, 13, 2023/03/09, 20:42:49.983, 2184766635656, vstest.console.dll, SocketServer.Stop: Raise disconnected event endPoint: 127.0.0.1:51352 error: 
TpTrace Verbose: 0 : 28340, 13, 2023/03/09, 20:42:49.983, 2184766636639, vstest.console.dll, TestRequestSender: OnTestRunAbort: Operation is already complete. Skip error message.
TpTrace Verbose: 0 : 28340, 13, 2023/03/09, 20:42:49.983, 2184766637045, vstest.console.dll, MulticastDelegateUtilities.SafeInvoke: SocketServer: ClientDisconnected: Invoking callback 1/1 for Microsoft.VisualStudio.TestPlatform.CommunicationUtilities.TestRequestSender., took 0 ms.
TpTrace Verbose: 0 : 28340, 13, 2023/03/09, 20:42:49.983, 2184766637298, vstest.console.dll, TcpClientExtensions.MessageLoopAsync: exiting MessageLoopAsync remoteEndPoint: 127.0.0.1:51353 localEndPoint: 127.0.0.1:51352
